<?xml version="1.0" encoding="UTF-8"?>
<TestRun id="acc9de71-81c0-479f-bd29-8e54b07daee4" name="kburnell@LT0187 2011-03-01 17:22:26" runUser="SKYLINE\kburnell" xmlns="http://microsoft.com/schemas/VisualStudio/TeamTest/2010">
  <TestSettings name="Default Test Settings" id="8d168801-84d8-4b8e-b629-bdd226c9b5b6">
    <Execution>
      <TestTypeSpecific />
      <AgentRule name="Execution Agents">
      </AgentRule>
    </Execution>
    <Deployment runDeploymentRoot="kburnell_LT0187 2011-03-01 17_22_26" />
  </TestSettings>
  <Times creation="2011-03-01T17:22:26.1356202-06:00" queuing="2011-03-01T17:22:26.6076472-06:00" start="2011-03-01T17:22:26.8336601-06:00" finish="2011-03-01T17:22:28.4057500-06:00" />
  <ResultSummary outcome="Completed">
    <Counters total="12" executed="12" passed="12" error="0" failed="0" timeout="0" aborted="0" inconclusive="0" passedButRunAborted="0" notRunnable="0" notExecuted="0" disconnected="0" warning="0" completed="0" inProgress="0" pending="0" />
  </ResultSummary>
  <TestDefinitions>
    <UnitTest name="DeleteAll_ShouldReturn_NonNull_Boolean" storage="d:\dev\pickawinnertdd\pickawinnertdd.domain.tests.integration\bin\debug\pickawinnertdd.domain.tests.integration.dll" id="49f66c34-c3e2-adfb-0a16-331ad63b568a">
      <Execution timeOut="1800000" id="01850e1f-e1d5-45e1-a1d3-10696ea15747" />
      <TestMethod codeBase="D:/Dev/PickAWinnerTDD/PickAWinnerTDD.Domain.Tests.Integration/bin/Debug/PickAWinnerTDD.Domain.Tests.Integration.DLL" adapterTypeName="Microsoft.VisualStudio.TestTools.TestTypes.Unit.UnitTestAdapter, Microsoft.VisualStudio.QualityTools.Tips.UnitTest.Adapter, Version=10.0.0.0, Culture=neutral, PublicKeyToken=b03f5f7f11d50a3a" className="PickAWinnerTDD.Domain.Tests.Integration.AttendeeTests, PickAWinnerTDD.Domain.Tests.Integration, Version=1.0.0.0, Culture=neutral, PublicKeyToken=null" name="DeleteAll_ShouldReturn_NonNull_Boolean" />
    </UnitTest>
    <UnitTest name="SetHasWon_ShouldReturn_NonNull_Boolean" storage="d:\dev\pickawinnertdd\pickawinnertdd.domain.tests.integration\bin\debug\pickawinnertdd.domain.tests.integration.dll" id="8cfe3618-d1c9-5605-260c-93959d60f7e8">
      <Execution timeOut="1800000" id="0167b6b1-4c67-4015-bf9e-ade5c5dd7ddc" />
      <TestMethod codeBase="D:/Dev/PickAWinnerTDD/PickAWinnerTDD.Domain.Tests.Integration/bin/Debug/PickAWinnerTDD.Domain.Tests.Integration.DLL" adapterTypeName="Microsoft.VisualStudio.TestTools.TestTypes.Unit.UnitTestAdapter, Microsoft.VisualStudio.QualityTools.Tips.UnitTest.Adapter, Version=10.0.0.0, Culture=neutral, PublicKeyToken=b03f5f7f11d50a3a" className="PickAWinnerTDD.Domain.Tests.Integration.AttendeeTests, PickAWinnerTDD.Domain.Tests.Integration, Version=1.0.0.0, Culture=neutral, PublicKeyToken=null" name="SetHasWon_ShouldReturn_NonNull_Boolean" />
    </UnitTest>
    <UnitTest name="DeleteAll_ShouldReturn_NonNull_Boolean" storage="d:\dev\pickawinnertdd\pickawinnertdd.domain.tests.integration\bin\debug\pickawinnertdd.domain.tests.integration.dll" id="02d7c1f7-87a8-6da4-0719-5ac873ae77d1">
      <Execution timeOut="1800000" id="6382fa10-4553-474b-a23a-8035f315614e" />
      <TestMethod codeBase="D:/Dev/PickAWinnerTDD/PickAWinnerTDD.Domain.Tests.Integration/bin/Debug/PickAWinnerTDD.Domain.Tests.Integration.DLL" adapterTypeName="Microsoft.VisualStudio.TestTools.TestTypes.Unit.UnitTestAdapter, Microsoft.VisualStudio.QualityTools.Tips.UnitTest.Adapter, Version=10.0.0.0, Culture=neutral, PublicKeyToken=b03f5f7f11d50a3a" className="PickAWinnerTDD.Domain.Tests.Integration.WinnerTests, PickAWinnerTDD.Domain.Tests.Integration, Version=1.0.0.0, Culture=neutral, PublicKeyToken=null" name="DeleteAll_ShouldReturn_NonNull_Boolean" />
    </UnitTest>
    <UnitTest name="GetAllBySponsor_ShouldReturn_NonNull_ListOf_SwagDTO" storage="d:\dev\pickawinnertdd\pickawinnertdd.domain.tests.integration\bin\debug\pickawinnertdd.domain.tests.integration.dll" id="be02a3ed-01de-d570-c571-8e162d809e56">
      <Execution timeOut="1800000" id="feeb3b09-9bb1-4a0a-b830-217f81548bbb" />
      <TestMethod codeBase="D:/Dev/PickAWinnerTDD/PickAWinnerTDD.Domain.Tests.Integration/bin/Debug/PickAWinnerTDD.Domain.Tests.Integration.DLL" adapterTypeName="Microsoft.VisualStudio.TestTools.TestTypes.Unit.UnitTestAdapter, Microsoft.VisualStudio.QualityTools.Tips.UnitTest.Adapter, Version=10.0.0.0, Culture=neutral, PublicKeyToken=b03f5f7f11d50a3a" className="PickAWinnerTDD.Domain.Tests.Integration.SwagTests, PickAWinnerTDD.Domain.Tests.Integration, Version=1.0.0.0, Culture=neutral, PublicKeyToken=null" name="GetAllBySponsor_ShouldReturn_NonNull_ListOf_SwagDTO" />
    </UnitTest>
    <UnitTest name="GetAll_ShouldReturn_NonNull_ListOf_SswagDTO" storage="d:\dev\pickawinnertdd\pickawinnertdd.domain.tests.integration\bin\debug\pickawinnertdd.domain.tests.integration.dll" id="bdbb7e7a-49c2-8ebf-cf30-7cb7c1fc8e86">
      <Execution timeOut="1800000" id="d603dd24-aee6-4d9b-b15f-331aa725c01f" />
      <TestMethod codeBase="D:/Dev/PickAWinnerTDD/PickAWinnerTDD.Domain.Tests.Integration/bin/Debug/PickAWinnerTDD.Domain.Tests.Integration.DLL" adapterTypeName="Microsoft.VisualStudio.TestTools.TestTypes.Unit.UnitTestAdapter, Microsoft.VisualStudio.QualityTools.Tips.UnitTest.Adapter, Version=10.0.0.0, Culture=neutral, PublicKeyToken=b03f5f7f11d50a3a" className="PickAWinnerTDD.Domain.Tests.Integration.SwagTests, PickAWinnerTDD.Domain.Tests.Integration, Version=1.0.0.0, Culture=neutral, PublicKeyToken=null" name="GetAll_ShouldReturn_NonNull_ListOf_SswagDTO" />
    </UnitTest>
    <UnitTest name="GetAll_ShouldReturn_NonNull_ListOf_AttendeeDTO" storage="d:\dev\pickawinnertdd\pickawinnertdd.domain.tests.integration\bin\debug\pickawinnertdd.domain.tests.integration.dll" id="cab632d7-d58f-7638-a939-af41e953c124">
      <Execution timeOut="1800000" id="8de1e2fd-4e8c-4e58-b66d-92dd0144c1e6" />
      <TestMethod codeBase="D:/Dev/PickAWinnerTDD/PickAWinnerTDD.Domain.Tests.Integration/bin/Debug/PickAWinnerTDD.Domain.Tests.Integration.DLL" adapterTypeName="Microsoft.VisualStudio.TestTools.TestTypes.Unit.UnitTestAdapter, Microsoft.VisualStudio.QualityTools.Tips.UnitTest.Adapter, Version=10.0.0.0, Culture=neutral, PublicKeyToken=b03f5f7f11d50a3a" className="PickAWinnerTDD.Domain.Tests.Integration.AttendeeTests, PickAWinnerTDD.Domain.Tests.Integration, Version=1.0.0.0, Culture=neutral, PublicKeyToken=null" name="GetAll_ShouldReturn_NonNull_ListOf_AttendeeDTO" />
    </UnitTest>
    <UnitTest name="GetAll_ShouldReturn_NonNull_ListOf_SponsorDTO" storage="d:\dev\pickawinnertdd\pickawinnertdd.domain.tests.integration\bin\debug\pickawinnertdd.domain.tests.integration.dll" id="0ce77791-e7f4-a192-2ec6-68059c39e4e4">
      <Execution timeOut="1800000" id="1813820a-c52c-4f1c-8fd3-7dd6bf524ded" />
      <TestMethod codeBase="D:/Dev/PickAWinnerTDD/PickAWinnerTDD.Domain.Tests.Integration/bin/Debug/PickAWinnerTDD.Domain.Tests.Integration.DLL" adapterTypeName="Microsoft.VisualStudio.TestTools.TestTypes.Unit.UnitTestAdapter, Microsoft.VisualStudio.QualityTools.Tips.UnitTest.Adapter, Version=10.0.0.0, Culture=neutral, PublicKeyToken=b03f5f7f11d50a3a" className="PickAWinnerTDD.Domain.Tests.Integration.SponsorTests, PickAWinnerTDD.Domain.Tests.Integration, Version=1.0.0.0, Culture=neutral, PublicKeyToken=null" name="GetAll_ShouldReturn_NonNull_ListOf_SponsorDTO" />
    </UnitTest>
    <UnitTest name="ResetAllHasWon_ShouldReturn_NonNull_Boolean" storage="d:\dev\pickawinnertdd\pickawinnertdd.domain.tests.integration\bin\debug\pickawinnertdd.domain.tests.integration.dll" id="a0c86c74-35c5-9cb2-dff7-b9184a972905">
      <Execution timeOut="1800000" id="0fd83563-8e93-4f25-b484-fb6134f08eaf" />
      <TestMethod codeBase="D:/Dev/PickAWinnerTDD/PickAWinnerTDD.Domain.Tests.Integration/bin/Debug/PickAWinnerTDD.Domain.Tests.Integration.DLL" adapterTypeName="Microsoft.VisualStudio.TestTools.TestTypes.Unit.UnitTestAdapter, Microsoft.VisualStudio.QualityTools.Tips.UnitTest.Adapter, Version=10.0.0.0, Culture=neutral, PublicKeyToken=b03f5f7f11d50a3a" className="PickAWinnerTDD.Domain.Tests.Integration.AttendeeTests, PickAWinnerTDD.Domain.Tests.Integration, Version=1.0.0.0, Culture=neutral, PublicKeyToken=null" name="ResetAllHasWon_ShouldReturn_NonNull_Boolean" />
    </UnitTest>
    <UnitTest name="GetAllThatProvidedSwag_ShouldReturn_NonNull_ListOf_SponsorDTO" storage="d:\dev\pickawinnertdd\pickawinnertdd.domain.tests.integration\bin\debug\pickawinnertdd.domain.tests.integration.dll" id="36f2e44b-0d78-adb7-2d1b-1d7dfb80108d">
      <Execution timeOut="1800000" id="ec2e6143-c832-4a0b-a7de-01c6c063cef6" />
      <TestMethod codeBase="D:/Dev/PickAWinnerTDD/PickAWinnerTDD.Domain.Tests.Integration/bin/Debug/PickAWinnerTDD.Domain.Tests.Integration.DLL" adapterTypeName="Microsoft.VisualStudio.TestTools.TestTypes.Unit.UnitTestAdapter, Microsoft.VisualStudio.QualityTools.Tips.UnitTest.Adapter, Version=10.0.0.0, Culture=neutral, PublicKeyToken=b03f5f7f11d50a3a" className="PickAWinnerTDD.Domain.Tests.Integration.SponsorTests, PickAWinnerTDD.Domain.Tests.Integration, Version=1.0.0.0, Culture=neutral, PublicKeyToken=null" name="GetAllThatProvidedSwag_ShouldReturn_NonNull_ListOf_SponsorDTO" />
    </UnitTest>
    <UnitTest name="InsertAll_ShouldReturn_NonNull_Boolean" storage="d:\dev\pickawinnertdd\pickawinnertdd.domain.tests.integration\bin\debug\pickawinnertdd.domain.tests.integration.dll" id="385ff7ca-ebba-5090-0830-c848a741f25e">
      <Execution timeOut="1800000" id="295469ee-545e-465f-b82b-3361dc837033" />
      <TestMethod codeBase="D:/Dev/PickAWinnerTDD/PickAWinnerTDD.Domain.Tests.Integration/bin/Debug/PickAWinnerTDD.Domain.Tests.Integration.DLL" adapterTypeName="Microsoft.VisualStudio.TestTools.TestTypes.Unit.UnitTestAdapter, Microsoft.VisualStudio.QualityTools.Tips.UnitTest.Adapter, Version=10.0.0.0, Culture=neutral, PublicKeyToken=b03f5f7f11d50a3a" className="PickAWinnerTDD.Domain.Tests.Integration.AttendeeTests, PickAWinnerTDD.Domain.Tests.Integration, Version=1.0.0.0, Culture=neutral, PublicKeyToken=null" name="InsertAll_ShouldReturn_NonNull_Boolean" />
    </UnitTest>
    <UnitTest name="Insert_ShouldReturn_NonNull_Boolean" storage="d:\dev\pickawinnertdd\pickawinnertdd.domain.tests.integration\bin\debug\pickawinnertdd.domain.tests.integration.dll" id="688be246-a05d-cb54-1a5d-785f82e70217">
      <Execution timeOut="1800000" id="31851f61-ffd5-4233-8b76-f448fa06e8d0" />
      <TestMethod codeBase="D:/Dev/PickAWinnerTDD/PickAWinnerTDD.Domain.Tests.Integration/bin/Debug/PickAWinnerTDD.Domain.Tests.Integration.DLL" adapterTypeName="Microsoft.VisualStudio.TestTools.TestTypes.Unit.UnitTestAdapter, Microsoft.VisualStudio.QualityTools.Tips.UnitTest.Adapter, Version=10.0.0.0, Culture=neutral, PublicKeyToken=b03f5f7f11d50a3a" className="PickAWinnerTDD.Domain.Tests.Integration.WinnerTests, PickAWinnerTDD.Domain.Tests.Integration, Version=1.0.0.0, Culture=neutral, PublicKeyToken=null" name="Insert_ShouldReturn_NonNull_Boolean" />
    </UnitTest>
    <UnitTest name="GetAllEligible_ShouldReturn_NonNull_ListOf_AttendeeDTO" storage="d:\dev\pickawinnertdd\pickawinnertdd.domain.tests.integration\bin\debug\pickawinnertdd.domain.tests.integration.dll" id="c444237f-2bed-273b-e9a8-9bcb726c63aa">
      <Execution timeOut="1800000" id="797c3f78-17b6-4b0f-be6f-286fe06ccfa7" />
      <TestMethod codeBase="D:/Dev/PickAWinnerTDD/PickAWinnerTDD.Domain.Tests.Integration/bin/Debug/PickAWinnerTDD.Domain.Tests.Integration.DLL" adapterTypeName="Microsoft.VisualStudio.TestTools.TestTypes.Unit.UnitTestAdapter, Microsoft.VisualStudio.QualityTools.Tips.UnitTest.Adapter, Version=10.0.0.0, Culture=neutral, PublicKeyToken=b03f5f7f11d50a3a" className="PickAWinnerTDD.Domain.Tests.Integration.AttendeeTests, PickAWinnerTDD.Domain.Tests.Integration, Version=1.0.0.0, Culture=neutral, PublicKeyToken=null" name="GetAllEligible_ShouldReturn_NonNull_ListOf_AttendeeDTO" />
    </UnitTest>
  </TestDefinitions>
  <TestLists>
    <TestList name="Results Not in a List" id="8c84fa94-04c1-424b-9868-57a2d4851a1d" />
    <TestList name="All Loaded Results" id="19431567-8539-422a-85d7-44ee4e166bda" />
  </TestLists>
  <TestEntries>
    <TestEntry testId="49f66c34-c3e2-adfb-0a16-331ad63b568a" executionId="01850e1f-e1d5-45e1-a1d3-10696ea15747" testListId="8c84fa94-04c1-424b-9868-57a2d4851a1d" />
    <TestEntry testId="cab632d7-d58f-7638-a939-af41e953c124" executionId="8de1e2fd-4e8c-4e58-b66d-92dd0144c1e6" testListId="8c84fa94-04c1-424b-9868-57a2d4851a1d" />
    <TestEntry testId="c444237f-2bed-273b-e9a8-9bcb726c63aa" executionId="797c3f78-17b6-4b0f-be6f-286fe06ccfa7" testListId="8c84fa94-04c1-424b-9868-57a2d4851a1d" />
    <TestEntry testId="385ff7ca-ebba-5090-0830-c848a741f25e" executionId="295469ee-545e-465f-b82b-3361dc837033" testListId="8c84fa94-04c1-424b-9868-57a2d4851a1d" />
    <TestEntry testId="a0c86c74-35c5-9cb2-dff7-b9184a972905" executionId="0fd83563-8e93-4f25-b484-fb6134f08eaf" testListId="8c84fa94-04c1-424b-9868-57a2d4851a1d" />
    <TestEntry testId="8cfe3618-d1c9-5605-260c-93959d60f7e8" executionId="0167b6b1-4c67-4015-bf9e-ade5c5dd7ddc" testListId="8c84fa94-04c1-424b-9868-57a2d4851a1d" />
    <TestEntry testId="0ce77791-e7f4-a192-2ec6-68059c39e4e4" executionId="1813820a-c52c-4f1c-8fd3-7dd6bf524ded" testListId="8c84fa94-04c1-424b-9868-57a2d4851a1d" />
    <TestEntry testId="36f2e44b-0d78-adb7-2d1b-1d7dfb80108d" executionId="ec2e6143-c832-4a0b-a7de-01c6c063cef6" testListId="8c84fa94-04c1-424b-9868-57a2d4851a1d" />
    <TestEntry testId="bdbb7e7a-49c2-8ebf-cf30-7cb7c1fc8e86" executionId="d603dd24-aee6-4d9b-b15f-331aa725c01f" testListId="8c84fa94-04c1-424b-9868-57a2d4851a1d" />
    <TestEntry testId="be02a3ed-01de-d570-c571-8e162d809e56" executionId="feeb3b09-9bb1-4a0a-b830-217f81548bbb" testListId="8c84fa94-04c1-424b-9868-57a2d4851a1d" />
    <TestEntry testId="02d7c1f7-87a8-6da4-0719-5ac873ae77d1" executionId="6382fa10-4553-474b-a23a-8035f315614e" testListId="8c84fa94-04c1-424b-9868-57a2d4851a1d" />
    <TestEntry testId="688be246-a05d-cb54-1a5d-785f82e70217" executionId="31851f61-ffd5-4233-8b76-f448fa06e8d0" testListId="8c84fa94-04c1-424b-9868-57a2d4851a1d" />
  </TestEntries>
  <Results>
    <UnitTestResult executionId="01850e1f-e1d5-45e1-a1d3-10696ea15747" testId="49f66c34-c3e2-adfb-0a16-331ad63b568a" testName="DeleteAll_ShouldReturn_NonNull_Boolean" computerName="LT0187" duration="00:00:00.3135724" startTime="2011-03-01T17:22:26.8876632-06:00" endTime="2011-03-01T17:22:27.2866860-06:00" testType="13cdc9d9-ddb5-4fa4-a97d-d965ccfc6d4b" outcome="Passed" testListId="8c84fa94-04c1-424b-9868-57a2d4851a1d" relativeResultsDirectory="01850e1f-e1d5-45e1-a1d3-10696ea15747">
    </UnitTestResult>
    <UnitTestResult executionId="8de1e2fd-4e8c-4e58-b66d-92dd0144c1e6" testId="cab632d7-d58f-7638-a939-af41e953c124" testName="GetAll_ShouldReturn_NonNull_ListOf_AttendeeDTO" computerName="LT0187" duration="00:00:00.0792708" startTime="2011-03-01T17:22:27.2896862-06:00" endTime="2011-03-01T17:22:27.3706908-06:00" testType="13cdc9d9-ddb5-4fa4-a97d-d965ccfc6d4b" outcome="Passed" testListId="8c84fa94-04c1-424b-9868-57a2d4851a1d" relativeResultsDirectory="8de1e2fd-4e8c-4e58-b66d-92dd0144c1e6">
    </UnitTestResult>
    <UnitTestResult executionId="797c3f78-17b6-4b0f-be6f-286fe06ccfa7" testId="c444237f-2bed-273b-e9a8-9bcb726c63aa" testName="GetAllEligible_ShouldReturn_NonNull_ListOf_AttendeeDTO" computerName="LT0187" duration="00:00:00.0022171" startTime="2011-03-01T17:22:27.3736910-06:00" endTime="2011-03-01T17:22:27.3766912-06:00" testType="13cdc9d9-ddb5-4fa4-a97d-d965ccfc6d4b" outcome="Passed" testListId="8c84fa94-04c1-424b-9868-57a2d4851a1d" relativeResultsDirectory="797c3f78-17b6-4b0f-be6f-286fe06ccfa7">
    </UnitTestResult>
    <UnitTestResult executionId="295469ee-545e-465f-b82b-3361dc837033" testId="385ff7ca-ebba-5090-0830-c848a741f25e" testName="InsertAll_ShouldReturn_NonNull_Boolean" computerName="LT0187" duration="00:00:00.0040166" startTime="2011-03-01T17:22:27.3796914-06:00" endTime="2011-03-01T17:22:27.3846916-06:00" testType="13cdc9d9-ddb5-4fa4-a97d-d965ccfc6d4b" outcome="Passed" testListId="8c84fa94-04c1-424b-9868-57a2d4851a1d" relativeResultsDirectory="295469ee-545e-465f-b82b-3361dc837033">
    </UnitTestResult>
    <UnitTestResult executionId="0fd83563-8e93-4f25-b484-fb6134f08eaf" testId="a0c86c74-35c5-9cb2-dff7-b9184a972905" testName="ResetAllHasWon_ShouldReturn_NonNull_Boolean" computerName="LT0187" duration="00:00:00.0028977" startTime="2011-03-01T17:22:27.3876918-06:00" endTime="2011-03-01T17:22:27.3916920-06:00" testType="13cdc9d9-ddb5-4fa4-a97d-d965ccfc6d4b" outcome="Passed" testListId="8c84fa94-04c1-424b-9868-57a2d4851a1d" relativeResultsDirectory="0fd83563-8e93-4f25-b484-fb6134f08eaf">
    </UnitTestResult>
    <UnitTestResult executionId="0167b6b1-4c67-4015-bf9e-ade5c5dd7ddc" testId="8cfe3618-d1c9-5605-260c-93959d60f7e8" testName="SetHasWon_ShouldReturn_NonNull_Boolean" computerName="LT0187" duration="00:00:00.0017802" startTime="2011-03-01T17:22:27.3946922-06:00" endTime="2011-03-01T17:22:27.3966923-06:00" testType="13cdc9d9-ddb5-4fa4-a97d-d965ccfc6d4b" outcome="Passed" testListId="8c84fa94-04c1-424b-9868-57a2d4851a1d" relativeResultsDirectory="0167b6b1-4c67-4015-bf9e-ade5c5dd7ddc">
    </UnitTestResult>
    <UnitTestResult executionId="1813820a-c52c-4f1c-8fd3-7dd6bf524ded" testId="0ce77791-e7f4-a192-2ec6-68059c39e4e4" testName="GetAll_ShouldReturn_NonNull_ListOf_SponsorDTO" computerName="LT0187" duration="00:00:00.0041725" startTime="2011-03-01T17:22:27.3996925-06:00" endTime="2011-03-01T17:22:27.4046928-06:00" testType="13cdc9d9-ddb5-4fa4-a97d-d965ccfc6d4b" outcome="Passed" testListId="8c84fa94-04c1-424b-9868-57a2d4851a1d" relativeResultsDirectory="1813820a-c52c-4f1c-8fd3-7dd6bf524ded">
    </UnitTestResult>
    <UnitTestResult executionId="ec2e6143-c832-4a0b-a7de-01c6c063cef6" testId="36f2e44b-0d78-adb7-2d1b-1d7dfb80108d" testName="GetAllThatProvidedSwag_ShouldReturn_NonNull_ListOf_SponsorDTO" computerName="LT0187" duration="00:00:00.0011977" startTime="2011-03-01T17:22:27.4066929-06:00" endTime="2011-03-01T17:22:27.4086930-06:00" testType="13cdc9d9-ddb5-4fa4-a97d-d965ccfc6d4b" outcome="Passed" testListId="8c84fa94-04c1-424b-9868-57a2d4851a1d" relativeResultsDirectory="ec2e6143-c832-4a0b-a7de-01c6c063cef6">
    </UnitTestResult>
    <UnitTestResult executionId="d603dd24-aee6-4d9b-b15f-331aa725c01f" testId="bdbb7e7a-49c2-8ebf-cf30-7cb7c1fc8e86" testName="GetAll_ShouldReturn_NonNull_ListOf_SswagDTO" computerName="LT0187" duration="00:00:00.0040320" startTime="2011-03-01T17:22:27.4116932-06:00" endTime="2011-03-01T17:22:27.4156934-06:00" testType="13cdc9d9-ddb5-4fa4-a97d-d965ccfc6d4b" outcome="Passed" testListId="8c84fa94-04c1-424b-9868-57a2d4851a1d" relativeResultsDirectory="d603dd24-aee6-4d9b-b15f-331aa725c01f">
    </UnitTestResult>
    <UnitTestResult executionId="feeb3b09-9bb1-4a0a-b830-217f81548bbb" testId="be02a3ed-01de-d570-c571-8e162d809e56" testName="GetAllBySponsor_ShouldReturn_NonNull_ListOf_SwagDTO" computerName="LT0187" duration="00:00:00.0011817" startTime="2011-03-01T17:22:27.4176935-06:00" endTime="2011-03-01T17:22:27.4196936-06:00" testType="13cdc9d9-ddb5-4fa4-a97d-d965ccfc6d4b" outcome="Passed" testListId="8c84fa94-04c1-424b-9868-57a2d4851a1d" relativeResultsDirectory="feeb3b09-9bb1-4a0a-b830-217f81548bbb">
    </UnitTestResult>
    <UnitTestResult executionId="6382fa10-4553-474b-a23a-8035f315614e" testId="02d7c1f7-87a8-6da4-0719-5ac873ae77d1" testName="DeleteAll_ShouldReturn_NonNull_Boolean" computerName="LT0187" duration="00:00:00.4223794" startTime="2011-03-01T17:22:27.4216938-06:00" endTime="2011-03-01T17:22:27.8447180-06:00" testType="13cdc9d9-ddb5-4fa4-a97d-d965ccfc6d4b" outcome="Passed" testListId="8c84fa94-04c1-424b-9868-57a2d4851a1d" relativeResultsDirectory="6382fa10-4553-474b-a23a-8035f315614e">
    </UnitTestResult>
    <UnitTestResult executionId="31851f61-ffd5-4233-8b76-f448fa06e8d0" testId="688be246-a05d-cb54-1a5d-785f82e70217" testName="Insert_ShouldReturn_NonNull_Boolean" computerName="LT0187" duration="00:00:00.4911914" startTime="2011-03-01T17:22:27.8467181-06:00" endTime="2011-03-01T17:22:28.3387462-06:00" testType="13cdc9d9-ddb5-4fa4-a97d-d965ccfc6d4b" outcome="Passed" testListId="8c84fa94-04c1-424b-9868-57a2d4851a1d" relativeResultsDirectory="31851f61-ffd5-4233-8b76-f448fa06e8d0">
    </UnitTestResult>
  </Results>
</TestRun>