<?xml version="1.0" encoding="UTF-8"?>
<TestRun id="bc0374ad-64d3-4f10-ac92-bd1280d7785f" name="kburnell@LT0187 2011-02-26 11:19:46" runUser="SKYLINE\kburnell" xmlns="http://microsoft.com/schemas/VisualStudio/TeamTest/2010">
  <TestSettings name="Default Test Settings" id="9241d9e6-4f7e-4381-b3b8-a83fccd173ce">
    <Execution>
      <TestTypeSpecific />
      <AgentRule name="Execution Agents">
      </AgentRule>
    </Execution>
    <Deployment runDeploymentRoot="kburnell_LT0187 2011-02-26 11_19_46" />
  </TestSettings>
  <Times creation="2011-02-26T11:19:46.0925545-06:00" queuing="2011-02-26T11:19:46.6505864-06:00" start="2011-02-26T11:19:46.8886000-06:00" finish="2011-02-26T11:19:48.1866743-06:00" />
  <ResultSummary outcome="Completed">
    <Counters total="2" executed="2" passed="2" error="0" failed="0" timeout="0" aborted="0" inconclusive="0" passedButRunAborted="0" notRunnable="0" notExecuted="0" disconnected="0" warning="0" completed="0" inProgress="0" pending="0" />
  </ResultSummary>
  <TestDefinitions>
    <UnitTest name="GetAllBySponsor_ShouldReturn_NonNull_ListOf_SwagDTO" storage="d:\dev\pickawinnertdd\pickawinnertdd.domain.tests.integration\bin\debug\pickawinnertdd.domain.tests.integration.dll" id="be02a3ed-01de-d570-c571-8e162d809e56">
      <Execution timeOut="1800000" id="0d45f157-d647-4cd5-872f-22443f9ff11c" />
      <TestMethod codeBase="D:/Dev/PickAWinnerTDD/PickAWinnerTDD.Domain.Tests.Integration/bin/Debug/PickAWinnerTDD.Domain.Tests.Integration.DLL" adapterTypeName="Microsoft.VisualStudio.TestTools.TestTypes.Unit.UnitTestAdapter, Microsoft.VisualStudio.QualityTools.Tips.UnitTest.Adapter, Version=10.0.0.0, Culture=neutral, PublicKeyToken=b03f5f7f11d50a3a" className="PickAWinnerTDD.Domain.Tests.Integration.SwagTests, PickAWinnerTDD.Domain.Tests.Integration, Version=1.0.0.0, Culture=neutral, PublicKeyToken=null" name="GetAllBySponsor_ShouldReturn_NonNull_ListOf_SwagDTO" />
    </UnitTest>
    <UnitTest name="GetAll_ShouldReturn_NonNull_ListOf_SswagDTO" storage="d:\dev\pickawinnertdd\pickawinnertdd.domain.tests.integration\bin\debug\pickawinnertdd.domain.tests.integration.dll" id="bdbb7e7a-49c2-8ebf-cf30-7cb7c1fc8e86">
      <Execution timeOut="1800000" id="f7bf4a2e-b019-44a9-8f50-70b7d228b6c3" />
      <TestMethod codeBase="D:/Dev/PickAWinnerTDD/PickAWinnerTDD.Domain.Tests.Integration/bin/Debug/PickAWinnerTDD.Domain.Tests.Integration.DLL" adapterTypeName="Microsoft.VisualStudio.TestTools.TestTypes.Unit.UnitTestAdapter, Microsoft.VisualStudio.QualityTools.Tips.UnitTest.Adapter, Version=10.0.0.0, Culture=neutral, PublicKeyToken=b03f5f7f11d50a3a" className="PickAWinnerTDD.Domain.Tests.Integration.SwagTests, PickAWinnerTDD.Domain.Tests.Integration, Version=1.0.0.0, Culture=neutral, PublicKeyToken=null" name="GetAll_ShouldReturn_NonNull_ListOf_SswagDTO" />
    </UnitTest>
  </TestDefinitions>
  <TestLists>
    <TestList name="Results Not in a List" id="8c84fa94-04c1-424b-9868-57a2d4851a1d" />
    <TestList name="All Loaded Results" id="19431567-8539-422a-85d7-44ee4e166bda" />
  </TestLists>
  <TestEntries>
    <TestEntry testId="bdbb7e7a-49c2-8ebf-cf30-7cb7c1fc8e86" executionId="f7bf4a2e-b019-44a9-8f50-70b7d228b6c3" testListId="8c84fa94-04c1-424b-9868-57a2d4851a1d" />
    <TestEntry testId="be02a3ed-01de-d570-c571-8e162d809e56" executionId="0d45f157-d647-4cd5-872f-22443f9ff11c" testListId="8c84fa94-04c1-424b-9868-57a2d4851a1d" />
  </TestEntries>
  <Results>
    <UnitTestResult executionId="f7bf4a2e-b019-44a9-8f50-70b7d228b6c3" testId="bdbb7e7a-49c2-8ebf-cf30-7cb7c1fc8e86" testName="GetAll_ShouldReturn_NonNull_ListOf_SswagDTO" computerName="LT0187" duration="00:00:00.9757425" startTime="2011-02-26T11:19:46.9626043-06:00" endTime="2011-02-26T11:19:48.0166646-06:00" testType="13cdc9d9-ddb5-4fa4-a97d-d965ccfc6d4b" outcome="Passed" testListId="8c84fa94-04c1-424b-9868-57a2d4851a1d" relativeResultsDirectory="f7bf4a2e-b019-44a9-8f50-70b7d228b6c3">
    </UnitTestResult>
    <UnitTestResult executionId="0d45f157-d647-4cd5-872f-22443f9ff11c" testId="be02a3ed-01de-d570-c571-8e162d809e56" testName="GetAllBySponsor_ShouldReturn_NonNull_ListOf_SwagDTO" computerName="LT0187" duration="00:00:00.1016039" startTime="2011-02-26T11:19:48.0206648-06:00" endTime="2011-02-26T11:19:48.1226706-06:00" testType="13cdc9d9-ddb5-4fa4-a97d-d965ccfc6d4b" outcome="Passed" testListId="8c84fa94-04c1-424b-9868-57a2d4851a1d" relativeResultsDirectory="0d45f157-d647-4cd5-872f-22443f9ff11c">
    </UnitTestResult>
  </Results>
</TestRun>