<?xml version="1.0" encoding="UTF-8"?>
<TestRun id="442a1561-4f4d-463e-a1fe-b27a8ee59da1" name="kburnell@LT0187 2011-02-26 14:29:47" runUser="SKYLINE\kburnell" xmlns="http://microsoft.com/schemas/VisualStudio/TeamTest/2010">
  <TestSettings name="Default Test Settings" id="87ffde6d-2b92-49dc-971c-af605ed45e3f">
    <Execution>
      <TestTypeSpecific />
      <AgentRule name="Execution Agents">
      </AgentRule>
    </Execution>
    <Deployment runDeploymentRoot="kburnell_LT0187 2011-02-26 14_29_47" />
  </TestSettings>
  <Times creation="2011-02-26T14:29:47.5696817-06:00" queuing="2011-02-26T14:29:48.0277079-06:00" start="2011-02-26T14:29:48.2637214-06:00" finish="2011-02-26T14:29:49.8078097-06:00" />
  <ResultSummary outcome="Completed">
    <Counters total="11" executed="11" passed="11" error="0" failed="0" timeout="0" aborted="0" inconclusive="0" passedButRunAborted="0" notRunnable="0" notExecuted="0" disconnected="0" warning="0" completed="0" inProgress="0" pending="0" />
  </ResultSummary>
  <TestDefinitions>
    <UnitTest name="DeleteAll_ShouldReturn_NonNull_Boolean" storage="d:\dev\pickawinnertdd\pickawinnertdd.domain.tests.integration\bin\debug\pickawinnertdd.domain.tests.integration.dll" id="49f66c34-c3e2-adfb-0a16-331ad63b568a">
      <Execution timeOut="1800000" id="5ceff144-6903-4939-87c0-ae1a0e1669f8" />
      <TestMethod codeBase="D:/Dev/PickAWinnerTDD/PickAWinnerTDD.Domain.Tests.Integration/bin/Debug/PickAWinnerTDD.Domain.Tests.Integration.DLL" adapterTypeName="Microsoft.VisualStudio.TestTools.TestTypes.Unit.UnitTestAdapter, Microsoft.VisualStudio.QualityTools.Tips.UnitTest.Adapter, Version=10.0.0.0, Culture=neutral, PublicKeyToken=b03f5f7f11d50a3a" className="PickAWinnerTDD.Domain.Tests.Integration.AttendeeTests, PickAWinnerTDD.Domain.Tests.Integration, Version=1.0.0.0, Culture=neutral, PublicKeyToken=null" name="DeleteAll_ShouldReturn_NonNull_Boolean" />
    </UnitTest>
    <UnitTest name="SetHasWon_ShouldReturn_NonNull_Boolean" storage="d:\dev\pickawinnertdd\pickawinnertdd.domain.tests.integration\bin\debug\pickawinnertdd.domain.tests.integration.dll" id="8cfe3618-d1c9-5605-260c-93959d60f7e8">
      <Execution timeOut="1800000" id="ceb7984e-08d4-44f5-8bf8-b790a91ffe4b" />
      <TestMethod codeBase="D:/Dev/PickAWinnerTDD/PickAWinnerTDD.Domain.Tests.Integration/bin/Debug/PickAWinnerTDD.Domain.Tests.Integration.DLL" adapterTypeName="Microsoft.VisualStudio.TestTools.TestTypes.Unit.UnitTestAdapter, Microsoft.VisualStudio.QualityTools.Tips.UnitTest.Adapter, Version=10.0.0.0, Culture=neutral, PublicKeyToken=b03f5f7f11d50a3a" className="PickAWinnerTDD.Domain.Tests.Integration.AttendeeTests, PickAWinnerTDD.Domain.Tests.Integration, Version=1.0.0.0, Culture=neutral, PublicKeyToken=null" name="SetHasWon_ShouldReturn_NonNull_Boolean" />
    </UnitTest>
    <UnitTest name="DeleteAll_ShouldReturn_NonNull_Boolean" storage="d:\dev\pickawinnertdd\pickawinnertdd.domain.tests.integration\bin\debug\pickawinnertdd.domain.tests.integration.dll" id="02d7c1f7-87a8-6da4-0719-5ac873ae77d1">
      <Execution timeOut="1800000" id="132ce9c6-de59-464c-a306-df6d110e6dd7" />
      <TestMethod codeBase="D:/Dev/PickAWinnerTDD/PickAWinnerTDD.Domain.Tests.Integration/bin/Debug/PickAWinnerTDD.Domain.Tests.Integration.DLL" adapterTypeName="Microsoft.VisualStudio.TestTools.TestTypes.Unit.UnitTestAdapter, Microsoft.VisualStudio.QualityTools.Tips.UnitTest.Adapter, Version=10.0.0.0, Culture=neutral, PublicKeyToken=b03f5f7f11d50a3a" className="PickAWinnerTDD.Domain.Tests.Integration.WinnerTests, PickAWinnerTDD.Domain.Tests.Integration, Version=1.0.0.0, Culture=neutral, PublicKeyToken=null" name="DeleteAll_ShouldReturn_NonNull_Boolean" />
    </UnitTest>
    <UnitTest name="GetAllBySponsor_ShouldReturn_NonNull_ListOf_SwagDTO" storage="d:\dev\pickawinnertdd\pickawinnertdd.domain.tests.integration\bin\debug\pickawinnertdd.domain.tests.integration.dll" id="be02a3ed-01de-d570-c571-8e162d809e56">
      <Execution timeOut="1800000" id="08ef1b5d-a9e2-4c0d-aac4-c6e177fc346a" />
      <TestMethod codeBase="D:/Dev/PickAWinnerTDD/PickAWinnerTDD.Domain.Tests.Integration/bin/Debug/PickAWinnerTDD.Domain.Tests.Integration.DLL" adapterTypeName="Microsoft.VisualStudio.TestTools.TestTypes.Unit.UnitTestAdapter, Microsoft.VisualStudio.QualityTools.Tips.UnitTest.Adapter, Version=10.0.0.0, Culture=neutral, PublicKeyToken=b03f5f7f11d50a3a" className="PickAWinnerTDD.Domain.Tests.Integration.SwagTests, PickAWinnerTDD.Domain.Tests.Integration, Version=1.0.0.0, Culture=neutral, PublicKeyToken=null" name="GetAllBySponsor_ShouldReturn_NonNull_ListOf_SwagDTO" />
    </UnitTest>
    <UnitTest name="GetAll_ShouldReturn_NonNull_ListOf_SswagDTO" storage="d:\dev\pickawinnertdd\pickawinnertdd.domain.tests.integration\bin\debug\pickawinnertdd.domain.tests.integration.dll" id="bdbb7e7a-49c2-8ebf-cf30-7cb7c1fc8e86">
      <Execution timeOut="1800000" id="2165c93f-48cb-4a76-8ebd-f8d908c5fd6d" />
      <TestMethod codeBase="D:/Dev/PickAWinnerTDD/PickAWinnerTDD.Domain.Tests.Integration/bin/Debug/PickAWinnerTDD.Domain.Tests.Integration.DLL" adapterTypeName="Microsoft.VisualStudio.TestTools.TestTypes.Unit.UnitTestAdapter, Microsoft.VisualStudio.QualityTools.Tips.UnitTest.Adapter, Version=10.0.0.0, Culture=neutral, PublicKeyToken=b03f5f7f11d50a3a" className="PickAWinnerTDD.Domain.Tests.Integration.SwagTests, PickAWinnerTDD.Domain.Tests.Integration, Version=1.0.0.0, Culture=neutral, PublicKeyToken=null" name="GetAll_ShouldReturn_NonNull_ListOf_SswagDTO" />
    </UnitTest>
    <UnitTest name="GetAll_ShouldReturn_NonNull_ListOf_SponsorDTO" storage="d:\dev\pickawinnertdd\pickawinnertdd.domain.tests.integration\bin\debug\pickawinnertdd.domain.tests.integration.dll" id="0ce77791-e7f4-a192-2ec6-68059c39e4e4">
      <Execution timeOut="1800000" id="6460607d-e90f-48c4-9fa1-c17c870ca07f" />
      <TestMethod codeBase="D:/Dev/PickAWinnerTDD/PickAWinnerTDD.Domain.Tests.Integration/bin/Debug/PickAWinnerTDD.Domain.Tests.Integration.DLL" adapterTypeName="Microsoft.VisualStudio.TestTools.TestTypes.Unit.UnitTestAdapter, Microsoft.VisualStudio.QualityTools.Tips.UnitTest.Adapter, Version=10.0.0.0, Culture=neutral, PublicKeyToken=b03f5f7f11d50a3a" className="PickAWinnerTDD.Domain.Tests.Integration.SponsorTests, PickAWinnerTDD.Domain.Tests.Integration, Version=1.0.0.0, Culture=neutral, PublicKeyToken=null" name="GetAll_ShouldReturn_NonNull_ListOf_SponsorDTO" />
    </UnitTest>
    <UnitTest name="ResetAllHasWon_ShouldReturn_NonNull_Boolean" storage="d:\dev\pickawinnertdd\pickawinnertdd.domain.tests.integration\bin\debug\pickawinnertdd.domain.tests.integration.dll" id="a0c86c74-35c5-9cb2-dff7-b9184a972905">
      <Execution timeOut="1800000" id="55ce4b46-166f-4425-b42d-a769cf626b14" />
      <TestMethod codeBase="D:/Dev/PickAWinnerTDD/PickAWinnerTDD.Domain.Tests.Integration/bin/Debug/PickAWinnerTDD.Domain.Tests.Integration.DLL" adapterTypeName="Microsoft.VisualStudio.TestTools.TestTypes.Unit.UnitTestAdapter, Microsoft.VisualStudio.QualityTools.Tips.UnitTest.Adapter, Version=10.0.0.0, Culture=neutral, PublicKeyToken=b03f5f7f11d50a3a" className="PickAWinnerTDD.Domain.Tests.Integration.AttendeeTests, PickAWinnerTDD.Domain.Tests.Integration, Version=1.0.0.0, Culture=neutral, PublicKeyToken=null" name="ResetAllHasWon_ShouldReturn_NonNull_Boolean" />
    </UnitTest>
    <UnitTest name="GetAllThatProvidedSwag_ShouldReturn_NonNull_ListOf_SponsorDTO" storage="d:\dev\pickawinnertdd\pickawinnertdd.domain.tests.integration\bin\debug\pickawinnertdd.domain.tests.integration.dll" id="36f2e44b-0d78-adb7-2d1b-1d7dfb80108d">
      <Execution timeOut="1800000" id="3d0043fe-f734-4674-b891-1aeb9c41bdad" />
      <TestMethod codeBase="D:/Dev/PickAWinnerTDD/PickAWinnerTDD.Domain.Tests.Integration/bin/Debug/PickAWinnerTDD.Domain.Tests.Integration.DLL" adapterTypeName="Microsoft.VisualStudio.TestTools.TestTypes.Unit.UnitTestAdapter, Microsoft.VisualStudio.QualityTools.Tips.UnitTest.Adapter, Version=10.0.0.0, Culture=neutral, PublicKeyToken=b03f5f7f11d50a3a" className="PickAWinnerTDD.Domain.Tests.Integration.SponsorTests, PickAWinnerTDD.Domain.Tests.Integration, Version=1.0.0.0, Culture=neutral, PublicKeyToken=null" name="GetAllThatProvidedSwag_ShouldReturn_NonNull_ListOf_SponsorDTO" />
    </UnitTest>
    <UnitTest name="GetAll_ShouldReturn_NonNull_ListOf_AttendeeDTO" storage="d:\dev\pickawinnertdd\pickawinnertdd.domain.tests.integration\bin\debug\pickawinnertdd.domain.tests.integration.dll" id="cab632d7-d58f-7638-a939-af41e953c124">
      <Execution timeOut="1800000" id="9f0f07f9-c0cc-4b14-973f-3b77e4d703df" />
      <TestMethod codeBase="D:/Dev/PickAWinnerTDD/PickAWinnerTDD.Domain.Tests.Integration/bin/Debug/PickAWinnerTDD.Domain.Tests.Integration.DLL" adapterTypeName="Microsoft.VisualStudio.TestTools.TestTypes.Unit.UnitTestAdapter, Microsoft.VisualStudio.QualityTools.Tips.UnitTest.Adapter, Version=10.0.0.0, Culture=neutral, PublicKeyToken=b03f5f7f11d50a3a" className="PickAWinnerTDD.Domain.Tests.Integration.AttendeeTests, PickAWinnerTDD.Domain.Tests.Integration, Version=1.0.0.0, Culture=neutral, PublicKeyToken=null" name="GetAll_ShouldReturn_NonNull_ListOf_AttendeeDTO" />
    </UnitTest>
    <UnitTest name="Insert_ShouldReturn_NonNull_Boolean" storage="d:\dev\pickawinnertdd\pickawinnertdd.domain.tests.integration\bin\debug\pickawinnertdd.domain.tests.integration.dll" id="688be246-a05d-cb54-1a5d-785f82e70217">
      <Execution timeOut="1800000" id="d92ae05e-41ed-4693-840d-3917c132fb2c" />
      <TestMethod codeBase="D:/Dev/PickAWinnerTDD/PickAWinnerTDD.Domain.Tests.Integration/bin/Debug/PickAWinnerTDD.Domain.Tests.Integration.DLL" adapterTypeName="Microsoft.VisualStudio.TestTools.TestTypes.Unit.UnitTestAdapter, Microsoft.VisualStudio.QualityTools.Tips.UnitTest.Adapter, Version=10.0.0.0, Culture=neutral, PublicKeyToken=b03f5f7f11d50a3a" className="PickAWinnerTDD.Domain.Tests.Integration.WinnerTests, PickAWinnerTDD.Domain.Tests.Integration, Version=1.0.0.0, Culture=neutral, PublicKeyToken=null" name="Insert_ShouldReturn_NonNull_Boolean" />
    </UnitTest>
    <UnitTest name="GetAllEligible_ShouldReturn_NonNull_ListOf_AttendeeDTO" storage="d:\dev\pickawinnertdd\pickawinnertdd.domain.tests.integration\bin\debug\pickawinnertdd.domain.tests.integration.dll" id="c444237f-2bed-273b-e9a8-9bcb726c63aa">
      <Execution timeOut="1800000" id="7a7e1f09-019d-4aed-9cba-cc2553bccf05" />
      <TestMethod codeBase="D:/Dev/PickAWinnerTDD/PickAWinnerTDD.Domain.Tests.Integration/bin/Debug/PickAWinnerTDD.Domain.Tests.Integration.DLL" adapterTypeName="Microsoft.VisualStudio.TestTools.TestTypes.Unit.UnitTestAdapter, Microsoft.VisualStudio.QualityTools.Tips.UnitTest.Adapter, Version=10.0.0.0, Culture=neutral, PublicKeyToken=b03f5f7f11d50a3a" className="PickAWinnerTDD.Domain.Tests.Integration.AttendeeTests, PickAWinnerTDD.Domain.Tests.Integration, Version=1.0.0.0, Culture=neutral, PublicKeyToken=null" name="GetAllEligible_ShouldReturn_NonNull_ListOf_AttendeeDTO" />
    </UnitTest>
  </TestDefinitions>
  <TestLists>
    <TestList name="Results Not in a List" id="8c84fa94-04c1-424b-9868-57a2d4851a1d" />
    <TestList name="All Loaded Results" id="19431567-8539-422a-85d7-44ee4e166bda" />
  </TestLists>
  <TestEntries>
    <TestEntry testId="49f66c34-c3e2-adfb-0a16-331ad63b568a" executionId="5ceff144-6903-4939-87c0-ae1a0e1669f8" testListId="8c84fa94-04c1-424b-9868-57a2d4851a1d" />
    <TestEntry testId="cab632d7-d58f-7638-a939-af41e953c124" executionId="9f0f07f9-c0cc-4b14-973f-3b77e4d703df" testListId="8c84fa94-04c1-424b-9868-57a2d4851a1d" />
    <TestEntry testId="c444237f-2bed-273b-e9a8-9bcb726c63aa" executionId="7a7e1f09-019d-4aed-9cba-cc2553bccf05" testListId="8c84fa94-04c1-424b-9868-57a2d4851a1d" />
    <TestEntry testId="a0c86c74-35c5-9cb2-dff7-b9184a972905" executionId="55ce4b46-166f-4425-b42d-a769cf626b14" testListId="8c84fa94-04c1-424b-9868-57a2d4851a1d" />
    <TestEntry testId="8cfe3618-d1c9-5605-260c-93959d60f7e8" executionId="ceb7984e-08d4-44f5-8bf8-b790a91ffe4b" testListId="8c84fa94-04c1-424b-9868-57a2d4851a1d" />
    <TestEntry testId="0ce77791-e7f4-a192-2ec6-68059c39e4e4" executionId="6460607d-e90f-48c4-9fa1-c17c870ca07f" testListId="8c84fa94-04c1-424b-9868-57a2d4851a1d" />
    <TestEntry testId="36f2e44b-0d78-adb7-2d1b-1d7dfb80108d" executionId="3d0043fe-f734-4674-b891-1aeb9c41bdad" testListId="8c84fa94-04c1-424b-9868-57a2d4851a1d" />
    <TestEntry testId="bdbb7e7a-49c2-8ebf-cf30-7cb7c1fc8e86" executionId="2165c93f-48cb-4a76-8ebd-f8d908c5fd6d" testListId="8c84fa94-04c1-424b-9868-57a2d4851a1d" />
    <TestEntry testId="be02a3ed-01de-d570-c571-8e162d809e56" executionId="08ef1b5d-a9e2-4c0d-aac4-c6e177fc346a" testListId="8c84fa94-04c1-424b-9868-57a2d4851a1d" />
    <TestEntry testId="02d7c1f7-87a8-6da4-0719-5ac873ae77d1" executionId="132ce9c6-de59-464c-a306-df6d110e6dd7" testListId="8c84fa94-04c1-424b-9868-57a2d4851a1d" />
    <TestEntry testId="688be246-a05d-cb54-1a5d-785f82e70217" executionId="d92ae05e-41ed-4693-840d-3917c132fb2c" testListId="8c84fa94-04c1-424b-9868-57a2d4851a1d" />
  </TestEntries>
  <Results>
    <UnitTestResult executionId="5ceff144-6903-4939-87c0-ae1a0e1669f8" testId="49f66c34-c3e2-adfb-0a16-331ad63b568a" testName="DeleteAll_ShouldReturn_NonNull_Boolean" computerName="LT0187" duration="00:00:00.3424594" startTime="2011-02-26T14:29:48.3197246-06:00" endTime="2011-02-26T14:29:48.7447489-06:00" testType="13cdc9d9-ddb5-4fa4-a97d-d965ccfc6d4b" outcome="Passed" testListId="8c84fa94-04c1-424b-9868-57a2d4851a1d" relativeResultsDirectory="5ceff144-6903-4939-87c0-ae1a0e1669f8">
    </UnitTestResult>
    <UnitTestResult executionId="9f0f07f9-c0cc-4b14-973f-3b77e4d703df" testId="cab632d7-d58f-7638-a939-af41e953c124" testName="GetAll_ShouldReturn_NonNull_ListOf_AttendeeDTO" computerName="LT0187" duration="00:00:00.0287794" startTime="2011-02-26T14:29:48.7487491-06:00" endTime="2011-02-26T14:29:48.7777508-06:00" testType="13cdc9d9-ddb5-4fa4-a97d-d965ccfc6d4b" outcome="Passed" testListId="8c84fa94-04c1-424b-9868-57a2d4851a1d" relativeResultsDirectory="9f0f07f9-c0cc-4b14-973f-3b77e4d703df">
    </UnitTestResult>
    <UnitTestResult executionId="7a7e1f09-019d-4aed-9cba-cc2553bccf05" testId="c444237f-2bed-273b-e9a8-9bcb726c63aa" testName="GetAllEligible_ShouldReturn_NonNull_ListOf_AttendeeDTO" computerName="LT0187" duration="00:00:00.0011309" startTime="2011-02-26T14:29:48.7797509-06:00" endTime="2011-02-26T14:29:48.7817510-06:00" testType="13cdc9d9-ddb5-4fa4-a97d-d965ccfc6d4b" outcome="Passed" testListId="8c84fa94-04c1-424b-9868-57a2d4851a1d" relativeResultsDirectory="7a7e1f09-019d-4aed-9cba-cc2553bccf05">
    </UnitTestResult>
    <UnitTestResult executionId="55ce4b46-166f-4425-b42d-a769cf626b14" testId="a0c86c74-35c5-9cb2-dff7-b9184a972905" testName="ResetAllHasWon_ShouldReturn_NonNull_Boolean" computerName="LT0187" duration="00:00:00.0017032" startTime="2011-02-26T14:29:48.7837511-06:00" endTime="2011-02-26T14:29:48.7857513-06:00" testType="13cdc9d9-ddb5-4fa4-a97d-d965ccfc6d4b" outcome="Passed" testListId="8c84fa94-04c1-424b-9868-57a2d4851a1d" relativeResultsDirectory="55ce4b46-166f-4425-b42d-a769cf626b14">
    </UnitTestResult>
    <UnitTestResult executionId="ceb7984e-08d4-44f5-8bf8-b790a91ffe4b" testId="8cfe3618-d1c9-5605-260c-93959d60f7e8" testName="SetHasWon_ShouldReturn_NonNull_Boolean" computerName="LT0187" duration="00:00:00.0014818" startTime="2011-02-26T14:29:48.7877514-06:00" endTime="2011-02-26T14:29:48.7897515-06:00" testType="13cdc9d9-ddb5-4fa4-a97d-d965ccfc6d4b" outcome="Passed" testListId="8c84fa94-04c1-424b-9868-57a2d4851a1d" relativeResultsDirectory="ceb7984e-08d4-44f5-8bf8-b790a91ffe4b">
    </UnitTestResult>
    <UnitTestResult executionId="6460607d-e90f-48c4-9fa1-c17c870ca07f" testId="0ce77791-e7f4-a192-2ec6-68059c39e4e4" testName="GetAll_ShouldReturn_NonNull_ListOf_SponsorDTO" computerName="LT0187" duration="00:00:00.0028816" startTime="2011-02-26T14:29:48.7907515-06:00" endTime="2011-02-26T14:29:48.7947518-06:00" testType="13cdc9d9-ddb5-4fa4-a97d-d965ccfc6d4b" outcome="Passed" testListId="8c84fa94-04c1-424b-9868-57a2d4851a1d" relativeResultsDirectory="6460607d-e90f-48c4-9fa1-c17c870ca07f">
    </UnitTestResult>
    <UnitTestResult executionId="3d0043fe-f734-4674-b891-1aeb9c41bdad" testId="36f2e44b-0d78-adb7-2d1b-1d7dfb80108d" testName="GetAllThatProvidedSwag_ShouldReturn_NonNull_ListOf_SponsorDTO" computerName="LT0187" duration="00:00:00.0010783" startTime="2011-02-26T14:29:48.7967519-06:00" endTime="2011-02-26T14:29:48.7987520-06:00" testType="13cdc9d9-ddb5-4fa4-a97d-d965ccfc6d4b" outcome="Passed" testListId="8c84fa94-04c1-424b-9868-57a2d4851a1d" relativeResultsDirectory="3d0043fe-f734-4674-b891-1aeb9c41bdad">
    </UnitTestResult>
    <UnitTestResult executionId="2165c93f-48cb-4a76-8ebd-f8d908c5fd6d" testId="bdbb7e7a-49c2-8ebf-cf30-7cb7c1fc8e86" testName="GetAll_ShouldReturn_NonNull_ListOf_SswagDTO" computerName="LT0187" duration="00:00:00.0033313" startTime="2011-02-26T14:29:48.7997521-06:00" endTime="2011-02-26T14:29:48.8037523-06:00" testType="13cdc9d9-ddb5-4fa4-a97d-d965ccfc6d4b" outcome="Passed" testListId="8c84fa94-04c1-424b-9868-57a2d4851a1d" relativeResultsDirectory="2165c93f-48cb-4a76-8ebd-f8d908c5fd6d">
    </UnitTestResult>
    <UnitTestResult executionId="08ef1b5d-a9e2-4c0d-aac4-c6e177fc346a" testId="be02a3ed-01de-d570-c571-8e162d809e56" testName="GetAllBySponsor_ShouldReturn_NonNull_ListOf_SwagDTO" computerName="LT0187" duration="00:00:00.0011258" startTime="2011-02-26T14:29:48.8057524-06:00" endTime="2011-02-26T14:29:48.8077525-06:00" testType="13cdc9d9-ddb5-4fa4-a97d-d965ccfc6d4b" outcome="Passed" testListId="8c84fa94-04c1-424b-9868-57a2d4851a1d" relativeResultsDirectory="08ef1b5d-a9e2-4c0d-aac4-c6e177fc346a">
    </UnitTestResult>
    <UnitTestResult executionId="132ce9c6-de59-464c-a306-df6d110e6dd7" testId="02d7c1f7-87a8-6da4-0719-5ac873ae77d1" testName="DeleteAll_ShouldReturn_NonNull_Boolean" computerName="LT0187" duration="00:00:00.4080444" startTime="2011-02-26T14:29:48.8087526-06:00" endTime="2011-02-26T14:29:49.2177760-06:00" testType="13cdc9d9-ddb5-4fa4-a97d-d965ccfc6d4b" outcome="Passed" testListId="8c84fa94-04c1-424b-9868-57a2d4851a1d" relativeResultsDirectory="132ce9c6-de59-464c-a306-df6d110e6dd7">
    </UnitTestResult>
    <UnitTestResult executionId="d92ae05e-41ed-4693-840d-3917c132fb2c" testId="688be246-a05d-cb54-1a5d-785f82e70217" testName="Insert_ShouldReturn_NonNull_Boolean" computerName="LT0187" duration="00:00:00.5127981" startTime="2011-02-26T14:29:49.2197761-06:00" endTime="2011-02-26T14:29:49.7338055-06:00" testType="13cdc9d9-ddb5-4fa4-a97d-d965ccfc6d4b" outcome="Passed" testListId="8c84fa94-04c1-424b-9868-57a2d4851a1d" relativeResultsDirectory="d92ae05e-41ed-4693-840d-3917c132fb2c">
    </UnitTestResult>
  </Results>
</TestRun>