<?xml version="1.0" encoding="UTF-8"?>
<TestRun id="26badef7-ee12-463d-83f4-d2cd5d8441cc" name="kburnell@LT0187 2011-02-26 08:16:44" runUser="SKYLINE\kburnell" xmlns="http://microsoft.com/schemas/VisualStudio/TeamTest/2010">
  <TestSettings name="Default Test Settings" id="b66fa55b-91fd-4ea8-ac7b-9d2587ec52a8">
    <Execution>
      <TestTypeSpecific />
      <AgentRule name="Execution Agents">
      </AgentRule>
    </Execution>
    <Deployment runDeploymentRoot="kburnell_LT0187 2011-02-26 08_16_44" />
  </TestSettings>
  <Times creation="2011-02-26T08:16:44.1994262-06:00" queuing="2011-02-26T08:16:44.6344510-06:00" start="2011-02-26T08:16:44.8674644-06:00" finish="2011-02-26T08:16:46.0965347-06:00" />
  <ResultSummary outcome="Completed">
    <Counters total="2" executed="2" passed="2" error="0" failed="0" timeout="0" aborted="0" inconclusive="0" passedButRunAborted="0" notRunnable="0" notExecuted="0" disconnected="0" warning="0" completed="0" inProgress="0" pending="0" />
  </ResultSummary>
  <TestDefinitions>
    <UnitTest name="GetAll_ShouldReturn_NonNull_ListOf_SponsorDTO" storage="d:\dev\pickawinnertdd\pickawinnertdd.domain.tests.integration\bin\debug\pickawinnertdd.domain.tests.integration.dll" id="0ce77791-e7f4-a192-2ec6-68059c39e4e4">
      <Execution timeOut="1800000" id="f8ba294b-8461-40d6-ba69-2680d39fde21" />
      <TestMethod codeBase="D:/Dev/PickAWinnerTDD/PickAWinnerTDD.Domain.Tests.Integration/bin/Debug/PickAWinnerTDD.Domain.Tests.Integration.DLL" adapterTypeName="Microsoft.VisualStudio.TestTools.TestTypes.Unit.UnitTestAdapter, Microsoft.VisualStudio.QualityTools.Tips.UnitTest.Adapter, Version=10.0.0.0, Culture=neutral, PublicKeyToken=b03f5f7f11d50a3a" className="PickAWinnerTDD.Domain.Tests.Integration.SponsorTests, PickAWinnerTDD.Domain.Tests.Integration, Version=1.0.0.0, Culture=neutral, PublicKeyToken=null" name="GetAll_ShouldReturn_NonNull_ListOf_SponsorDTO" />
    </UnitTest>
    <UnitTest name="GetAllThatProvidedSwag_ShouldReturn_NonNull_ListOf_SponsorDTO" storage="d:\dev\pickawinnertdd\pickawinnertdd.domain.tests.integration\bin\debug\pickawinnertdd.domain.tests.integration.dll" id="36f2e44b-0d78-adb7-2d1b-1d7dfb80108d">
      <Execution timeOut="1800000" id="8e04d764-1d14-4fc8-9970-3823df30daff" />
      <TestMethod codeBase="D:/Dev/PickAWinnerTDD/PickAWinnerTDD.Domain.Tests.Integration/bin/Debug/PickAWinnerTDD.Domain.Tests.Integration.DLL" adapterTypeName="Microsoft.VisualStudio.TestTools.TestTypes.Unit.UnitTestAdapter, Microsoft.VisualStudio.QualityTools.Tips.UnitTest.Adapter, Version=10.0.0.0, Culture=neutral, PublicKeyToken=b03f5f7f11d50a3a" className="PickAWinnerTDD.Domain.Tests.Integration.SponsorTests, PickAWinnerTDD.Domain.Tests.Integration, Version=1.0.0.0, Culture=neutral, PublicKeyToken=null" name="GetAllThatProvidedSwag_ShouldReturn_NonNull_ListOf_SponsorDTO" />
    </UnitTest>
  </TestDefinitions>
  <TestLists>
    <TestList name="Results Not in a List" id="8c84fa94-04c1-424b-9868-57a2d4851a1d" />
    <TestList name="All Loaded Results" id="19431567-8539-422a-85d7-44ee4e166bda" />
  </TestLists>
  <TestEntries>
    <TestEntry testId="0ce77791-e7f4-a192-2ec6-68059c39e4e4" executionId="f8ba294b-8461-40d6-ba69-2680d39fde21" testListId="8c84fa94-04c1-424b-9868-57a2d4851a1d" />
    <TestEntry testId="36f2e44b-0d78-adb7-2d1b-1d7dfb80108d" executionId="8e04d764-1d14-4fc8-9970-3823df30daff" testListId="8c84fa94-04c1-424b-9868-57a2d4851a1d" />
  </TestEntries>
  <Results>
    <UnitTestResult executionId="f8ba294b-8461-40d6-ba69-2680d39fde21" testId="0ce77791-e7f4-a192-2ec6-68059c39e4e4" testName="GetAll_ShouldReturn_NonNull_ListOf_SponsorDTO" computerName="LT0187" duration="00:00:00.9952431" startTime="2011-02-26T08:16:44.9234676-06:00" endTime="2011-02-26T08:16:45.9975290-06:00" testType="13cdc9d9-ddb5-4fa4-a97d-d965ccfc6d4b" outcome="Passed" testListId="8c84fa94-04c1-424b-9868-57a2d4851a1d" relativeResultsDirectory="f8ba294b-8461-40d6-ba69-2680d39fde21">
    </UnitTestResult>
    <UnitTestResult executionId="8e04d764-1d14-4fc8-9970-3823df30daff" testId="36f2e44b-0d78-adb7-2d1b-1d7dfb80108d" testName="GetAllThatProvidedSwag_ShouldReturn_NonNull_ListOf_SponsorDTO" computerName="LT0187" duration="00:00:00.0266368" startTime="2011-02-26T08:16:46.0005292-06:00" endTime="2011-02-26T08:16:46.0285308-06:00" testType="13cdc9d9-ddb5-4fa4-a97d-d965ccfc6d4b" outcome="Passed" testListId="8c84fa94-04c1-424b-9868-57a2d4851a1d" relativeResultsDirectory="8e04d764-1d14-4fc8-9970-3823df30daff">
    </UnitTestResult>
  </Results>
</TestRun>