<?xml version="1.0" encoding="UTF-8"?>
<TestRun id="daa2b9d8-7d8d-4271-a5c1-7d274995ccc9" name="kburnell@LT0187 2011-02-26 14:28:02" runUser="SKYLINE\kburnell" xmlns="http://microsoft.com/schemas/VisualStudio/TeamTest/2010">
  <TestSettings name="Default Test Settings" id="487e590b-7ca4-4db1-b466-34644561dcf9">
    <Execution>
      <TestTypeSpecific />
      <AgentRule name="Execution Agents">
      </AgentRule>
    </Execution>
    <Deployment runDeploymentRoot="kburnell_LT0187 2011-02-26 14_28_02" />
  </TestSettings>
  <Times creation="2011-02-26T14:28:02.7776879-06:00" queuing="2011-02-26T14:28:03.2267136-06:00" start="2011-02-26T14:28:03.4607270-06:00" finish="2011-02-26T14:28:05.0678189-06:00" />
  <ResultSummary outcome="Completed">
    <Counters total="11" executed="11" passed="11" error="0" failed="0" timeout="0" aborted="0" inconclusive="0" passedButRunAborted="0" notRunnable="0" notExecuted="0" disconnected="0" warning="0" completed="0" inProgress="0" pending="0" />
  </ResultSummary>
  <TestDefinitions>
    <UnitTest name="DeleteAll_ShouldReturn_NonNull_Boolean" storage="d:\dev\pickawinnertdd\pickawinnertdd.domain.tests.integration\bin\debug\pickawinnertdd.domain.tests.integration.dll" id="49f66c34-c3e2-adfb-0a16-331ad63b568a">
      <Execution timeOut="1800000" id="7c74e82e-76fe-460d-8917-8cdc45c1001c" />
      <TestMethod codeBase="D:/Dev/PickAWinnerTDD/PickAWinnerTDD.Domain.Tests.Integration/bin/Debug/PickAWinnerTDD.Domain.Tests.Integration.DLL" adapterTypeName="Microsoft.VisualStudio.TestTools.TestTypes.Unit.UnitTestAdapter, Microsoft.VisualStudio.QualityTools.Tips.UnitTest.Adapter, Version=10.0.0.0, Culture=neutral, PublicKeyToken=b03f5f7f11d50a3a" className="PickAWinnerTDD.Domain.Tests.Integration.AttendeeTests, PickAWinnerTDD.Domain.Tests.Integration, Version=1.0.0.0, Culture=neutral, PublicKeyToken=null" name="DeleteAll_ShouldReturn_NonNull_Boolean" />
    </UnitTest>
    <UnitTest name="SetHasWon_ShouldReturn_NonNull_Boolean" storage="d:\dev\pickawinnertdd\pickawinnertdd.domain.tests.integration\bin\debug\pickawinnertdd.domain.tests.integration.dll" id="8cfe3618-d1c9-5605-260c-93959d60f7e8">
      <Execution timeOut="1800000" id="30801922-1443-4fcf-8f9c-22dce7360d72" />
      <TestMethod codeBase="D:/Dev/PickAWinnerTDD/PickAWinnerTDD.Domain.Tests.Integration/bin/Debug/PickAWinnerTDD.Domain.Tests.Integration.DLL" adapterTypeName="Microsoft.VisualStudio.TestTools.TestTypes.Unit.UnitTestAdapter, Microsoft.VisualStudio.QualityTools.Tips.UnitTest.Adapter, Version=10.0.0.0, Culture=neutral, PublicKeyToken=b03f5f7f11d50a3a" className="PickAWinnerTDD.Domain.Tests.Integration.AttendeeTests, PickAWinnerTDD.Domain.Tests.Integration, Version=1.0.0.0, Culture=neutral, PublicKeyToken=null" name="SetHasWon_ShouldReturn_NonNull_Boolean" />
    </UnitTest>
    <UnitTest name="DeleteAll_ShouldReturn_NonNull_Boolean" storage="d:\dev\pickawinnertdd\pickawinnertdd.domain.tests.integration\bin\debug\pickawinnertdd.domain.tests.integration.dll" id="02d7c1f7-87a8-6da4-0719-5ac873ae77d1">
      <Execution timeOut="1800000" id="3f374875-ad71-4a56-860d-a8060d980c54" />
      <TestMethod codeBase="D:/Dev/PickAWinnerTDD/PickAWinnerTDD.Domain.Tests.Integration/bin/Debug/PickAWinnerTDD.Domain.Tests.Integration.DLL" adapterTypeName="Microsoft.VisualStudio.TestTools.TestTypes.Unit.UnitTestAdapter, Microsoft.VisualStudio.QualityTools.Tips.UnitTest.Adapter, Version=10.0.0.0, Culture=neutral, PublicKeyToken=b03f5f7f11d50a3a" className="PickAWinnerTDD.Domain.Tests.Integration.WinnerTests, PickAWinnerTDD.Domain.Tests.Integration, Version=1.0.0.0, Culture=neutral, PublicKeyToken=null" name="DeleteAll_ShouldReturn_NonNull_Boolean" />
    </UnitTest>
    <UnitTest name="GetAllBySponsor_ShouldReturn_NonNull_ListOf_SwagDTO" storage="d:\dev\pickawinnertdd\pickawinnertdd.domain.tests.integration\bin\debug\pickawinnertdd.domain.tests.integration.dll" id="be02a3ed-01de-d570-c571-8e162d809e56">
      <Execution timeOut="1800000" id="ad82ff10-058b-48f2-a83e-a4cd93f5ac17" />
      <TestMethod codeBase="D:/Dev/PickAWinnerTDD/PickAWinnerTDD.Domain.Tests.Integration/bin/Debug/PickAWinnerTDD.Domain.Tests.Integration.DLL" adapterTypeName="Microsoft.VisualStudio.TestTools.TestTypes.Unit.UnitTestAdapter, Microsoft.VisualStudio.QualityTools.Tips.UnitTest.Adapter, Version=10.0.0.0, Culture=neutral, PublicKeyToken=b03f5f7f11d50a3a" className="PickAWinnerTDD.Domain.Tests.Integration.SwagTests, PickAWinnerTDD.Domain.Tests.Integration, Version=1.0.0.0, Culture=neutral, PublicKeyToken=null" name="GetAllBySponsor_ShouldReturn_NonNull_ListOf_SwagDTO" />
    </UnitTest>
    <UnitTest name="GetAll_ShouldReturn_NonNull_ListOf_SswagDTO" storage="d:\dev\pickawinnertdd\pickawinnertdd.domain.tests.integration\bin\debug\pickawinnertdd.domain.tests.integration.dll" id="bdbb7e7a-49c2-8ebf-cf30-7cb7c1fc8e86">
      <Execution timeOut="1800000" id="053866bb-0b8f-408e-8339-3af4df1e4163" />
      <TestMethod codeBase="D:/Dev/PickAWinnerTDD/PickAWinnerTDD.Domain.Tests.Integration/bin/Debug/PickAWinnerTDD.Domain.Tests.Integration.DLL" adapterTypeName="Microsoft.VisualStudio.TestTools.TestTypes.Unit.UnitTestAdapter, Microsoft.VisualStudio.QualityTools.Tips.UnitTest.Adapter, Version=10.0.0.0, Culture=neutral, PublicKeyToken=b03f5f7f11d50a3a" className="PickAWinnerTDD.Domain.Tests.Integration.SwagTests, PickAWinnerTDD.Domain.Tests.Integration, Version=1.0.0.0, Culture=neutral, PublicKeyToken=null" name="GetAll_ShouldReturn_NonNull_ListOf_SswagDTO" />
    </UnitTest>
    <UnitTest name="GetAll_ShouldReturn_NonNull_ListOf_SponsorDTO" storage="d:\dev\pickawinnertdd\pickawinnertdd.domain.tests.integration\bin\debug\pickawinnertdd.domain.tests.integration.dll" id="0ce77791-e7f4-a192-2ec6-68059c39e4e4">
      <Execution timeOut="1800000" id="fdf37bd4-0673-483a-8c6f-a3966b616b09" />
      <TestMethod codeBase="D:/Dev/PickAWinnerTDD/PickAWinnerTDD.Domain.Tests.Integration/bin/Debug/PickAWinnerTDD.Domain.Tests.Integration.DLL" adapterTypeName="Microsoft.VisualStudio.TestTools.TestTypes.Unit.UnitTestAdapter, Microsoft.VisualStudio.QualityTools.Tips.UnitTest.Adapter, Version=10.0.0.0, Culture=neutral, PublicKeyToken=b03f5f7f11d50a3a" className="PickAWinnerTDD.Domain.Tests.Integration.SponsorTests, PickAWinnerTDD.Domain.Tests.Integration, Version=1.0.0.0, Culture=neutral, PublicKeyToken=null" name="GetAll_ShouldReturn_NonNull_ListOf_SponsorDTO" />
    </UnitTest>
    <UnitTest name="ResetAllHasWon_ShouldReturn_NonNull_Boolean" storage="d:\dev\pickawinnertdd\pickawinnertdd.domain.tests.integration\bin\debug\pickawinnertdd.domain.tests.integration.dll" id="a0c86c74-35c5-9cb2-dff7-b9184a972905">
      <Execution timeOut="1800000" id="0f67630b-4aab-4072-acfa-0ab36c4bd9c8" />
      <TestMethod codeBase="D:/Dev/PickAWinnerTDD/PickAWinnerTDD.Domain.Tests.Integration/bin/Debug/PickAWinnerTDD.Domain.Tests.Integration.DLL" adapterTypeName="Microsoft.VisualStudio.TestTools.TestTypes.Unit.UnitTestAdapter, Microsoft.VisualStudio.QualityTools.Tips.UnitTest.Adapter, Version=10.0.0.0, Culture=neutral, PublicKeyToken=b03f5f7f11d50a3a" className="PickAWinnerTDD.Domain.Tests.Integration.AttendeeTests, PickAWinnerTDD.Domain.Tests.Integration, Version=1.0.0.0, Culture=neutral, PublicKeyToken=null" name="ResetAllHasWon_ShouldReturn_NonNull_Boolean" />
    </UnitTest>
    <UnitTest name="GetAllThatProvidedSwag_ShouldReturn_NonNull_ListOf_SponsorDTO" storage="d:\dev\pickawinnertdd\pickawinnertdd.domain.tests.integration\bin\debug\pickawinnertdd.domain.tests.integration.dll" id="36f2e44b-0d78-adb7-2d1b-1d7dfb80108d">
      <Execution timeOut="1800000" id="32d8b700-e4aa-4b45-aac8-f35c9ac7d70b" />
      <TestMethod codeBase="D:/Dev/PickAWinnerTDD/PickAWinnerTDD.Domain.Tests.Integration/bin/Debug/PickAWinnerTDD.Domain.Tests.Integration.DLL" adapterTypeName="Microsoft.VisualStudio.TestTools.TestTypes.Unit.UnitTestAdapter, Microsoft.VisualStudio.QualityTools.Tips.UnitTest.Adapter, Version=10.0.0.0, Culture=neutral, PublicKeyToken=b03f5f7f11d50a3a" className="PickAWinnerTDD.Domain.Tests.Integration.SponsorTests, PickAWinnerTDD.Domain.Tests.Integration, Version=1.0.0.0, Culture=neutral, PublicKeyToken=null" name="GetAllThatProvidedSwag_ShouldReturn_NonNull_ListOf_SponsorDTO" />
    </UnitTest>
    <UnitTest name="GetAll_ShouldReturn_NonNull_ListOf_AttendeeDTO" storage="d:\dev\pickawinnertdd\pickawinnertdd.domain.tests.integration\bin\debug\pickawinnertdd.domain.tests.integration.dll" id="cab632d7-d58f-7638-a939-af41e953c124">
      <Execution timeOut="1800000" id="83790c53-12c6-4ede-896a-5a4ed7abc0ca" />
      <TestMethod codeBase="D:/Dev/PickAWinnerTDD/PickAWinnerTDD.Domain.Tests.Integration/bin/Debug/PickAWinnerTDD.Domain.Tests.Integration.DLL" adapterTypeName="Microsoft.VisualStudio.TestTools.TestTypes.Unit.UnitTestAdapter, Microsoft.VisualStudio.QualityTools.Tips.UnitTest.Adapter, Version=10.0.0.0, Culture=neutral, PublicKeyToken=b03f5f7f11d50a3a" className="PickAWinnerTDD.Domain.Tests.Integration.AttendeeTests, PickAWinnerTDD.Domain.Tests.Integration, Version=1.0.0.0, Culture=neutral, PublicKeyToken=null" name="GetAll_ShouldReturn_NonNull_ListOf_AttendeeDTO" />
    </UnitTest>
    <UnitTest name="Insert_ShouldReturn_NonNull_Boolean" storage="d:\dev\pickawinnertdd\pickawinnertdd.domain.tests.integration\bin\debug\pickawinnertdd.domain.tests.integration.dll" id="688be246-a05d-cb54-1a5d-785f82e70217">
      <Execution timeOut="1800000" id="be757f84-008a-47f7-9032-5107f38229c6" />
      <TestMethod codeBase="D:/Dev/PickAWinnerTDD/PickAWinnerTDD.Domain.Tests.Integration/bin/Debug/PickAWinnerTDD.Domain.Tests.Integration.DLL" adapterTypeName="Microsoft.VisualStudio.TestTools.TestTypes.Unit.UnitTestAdapter, Microsoft.VisualStudio.QualityTools.Tips.UnitTest.Adapter, Version=10.0.0.0, Culture=neutral, PublicKeyToken=b03f5f7f11d50a3a" className="PickAWinnerTDD.Domain.Tests.Integration.WinnerTests, PickAWinnerTDD.Domain.Tests.Integration, Version=1.0.0.0, Culture=neutral, PublicKeyToken=null" name="Insert_ShouldReturn_NonNull_Boolean" />
    </UnitTest>
    <UnitTest name="GetAllEligible_ShouldReturn_NonNull_ListOf_AttendeeDTO" storage="d:\dev\pickawinnertdd\pickawinnertdd.domain.tests.integration\bin\debug\pickawinnertdd.domain.tests.integration.dll" id="c444237f-2bed-273b-e9a8-9bcb726c63aa">
      <Execution timeOut="1800000" id="65126d20-3821-4366-bd83-10ab363d5ef5" />
      <TestMethod codeBase="D:/Dev/PickAWinnerTDD/PickAWinnerTDD.Domain.Tests.Integration/bin/Debug/PickAWinnerTDD.Domain.Tests.Integration.DLL" adapterTypeName="Microsoft.VisualStudio.TestTools.TestTypes.Unit.UnitTestAdapter, Microsoft.VisualStudio.QualityTools.Tips.UnitTest.Adapter, Version=10.0.0.0, Culture=neutral, PublicKeyToken=b03f5f7f11d50a3a" className="PickAWinnerTDD.Domain.Tests.Integration.AttendeeTests, PickAWinnerTDD.Domain.Tests.Integration, Version=1.0.0.0, Culture=neutral, PublicKeyToken=null" name="GetAllEligible_ShouldReturn_NonNull_ListOf_AttendeeDTO" />
    </UnitTest>
  </TestDefinitions>
  <TestLists>
    <TestList name="Results Not in a List" id="8c84fa94-04c1-424b-9868-57a2d4851a1d" />
    <TestList name="All Loaded Results" id="19431567-8539-422a-85d7-44ee4e166bda" />
  </TestLists>
  <TestEntries>
    <TestEntry testId="49f66c34-c3e2-adfb-0a16-331ad63b568a" executionId="7c74e82e-76fe-460d-8917-8cdc45c1001c" testListId="8c84fa94-04c1-424b-9868-57a2d4851a1d" />
    <TestEntry testId="cab632d7-d58f-7638-a939-af41e953c124" executionId="83790c53-12c6-4ede-896a-5a4ed7abc0ca" testListId="8c84fa94-04c1-424b-9868-57a2d4851a1d" />
    <TestEntry testId="c444237f-2bed-273b-e9a8-9bcb726c63aa" executionId="65126d20-3821-4366-bd83-10ab363d5ef5" testListId="8c84fa94-04c1-424b-9868-57a2d4851a1d" />
    <TestEntry testId="a0c86c74-35c5-9cb2-dff7-b9184a972905" executionId="0f67630b-4aab-4072-acfa-0ab36c4bd9c8" testListId="8c84fa94-04c1-424b-9868-57a2d4851a1d" />
    <TestEntry testId="8cfe3618-d1c9-5605-260c-93959d60f7e8" executionId="30801922-1443-4fcf-8f9c-22dce7360d72" testListId="8c84fa94-04c1-424b-9868-57a2d4851a1d" />
    <TestEntry testId="0ce77791-e7f4-a192-2ec6-68059c39e4e4" executionId="fdf37bd4-0673-483a-8c6f-a3966b616b09" testListId="8c84fa94-04c1-424b-9868-57a2d4851a1d" />
    <TestEntry testId="36f2e44b-0d78-adb7-2d1b-1d7dfb80108d" executionId="32d8b700-e4aa-4b45-aac8-f35c9ac7d70b" testListId="8c84fa94-04c1-424b-9868-57a2d4851a1d" />
    <TestEntry testId="bdbb7e7a-49c2-8ebf-cf30-7cb7c1fc8e86" executionId="053866bb-0b8f-408e-8339-3af4df1e4163" testListId="8c84fa94-04c1-424b-9868-57a2d4851a1d" />
    <TestEntry testId="be02a3ed-01de-d570-c571-8e162d809e56" executionId="ad82ff10-058b-48f2-a83e-a4cd93f5ac17" testListId="8c84fa94-04c1-424b-9868-57a2d4851a1d" />
    <TestEntry testId="02d7c1f7-87a8-6da4-0719-5ac873ae77d1" executionId="3f374875-ad71-4a56-860d-a8060d980c54" testListId="8c84fa94-04c1-424b-9868-57a2d4851a1d" />
    <TestEntry testId="688be246-a05d-cb54-1a5d-785f82e70217" executionId="be757f84-008a-47f7-9032-5107f38229c6" testListId="8c84fa94-04c1-424b-9868-57a2d4851a1d" />
  </TestEntries>
  <Results>
    <UnitTestResult executionId="7c74e82e-76fe-460d-8917-8cdc45c1001c" testId="49f66c34-c3e2-adfb-0a16-331ad63b568a" testName="DeleteAll_ShouldReturn_NonNull_Boolean" computerName="LT0187" duration="00:00:00.3926526" startTime="2011-02-26T14:28:03.5177303-06:00" endTime="2011-02-26T14:28:03.9927574-06:00" testType="13cdc9d9-ddb5-4fa4-a97d-d965ccfc6d4b" outcome="Passed" testListId="8c84fa94-04c1-424b-9868-57a2d4851a1d" relativeResultsDirectory="7c74e82e-76fe-460d-8917-8cdc45c1001c">
    </UnitTestResult>
    <UnitTestResult executionId="83790c53-12c6-4ede-896a-5a4ed7abc0ca" testId="cab632d7-d58f-7638-a939-af41e953c124" testName="GetAll_ShouldReturn_NonNull_ListOf_AttendeeDTO" computerName="LT0187" duration="00:00:00.0268754" startTime="2011-02-26T14:28:03.9957576-06:00" endTime="2011-02-26T14:28:04.0227592-06:00" testType="13cdc9d9-ddb5-4fa4-a97d-d965ccfc6d4b" outcome="Passed" testListId="8c84fa94-04c1-424b-9868-57a2d4851a1d" relativeResultsDirectory="83790c53-12c6-4ede-896a-5a4ed7abc0ca">
    </UnitTestResult>
    <UnitTestResult executionId="65126d20-3821-4366-bd83-10ab363d5ef5" testId="c444237f-2bed-273b-e9a8-9bcb726c63aa" testName="GetAllEligible_ShouldReturn_NonNull_ListOf_AttendeeDTO" computerName="LT0187" duration="00:00:00.0010937" startTime="2011-02-26T14:28:04.0247593-06:00" endTime="2011-02-26T14:28:04.0267594-06:00" testType="13cdc9d9-ddb5-4fa4-a97d-d965ccfc6d4b" outcome="Passed" testListId="8c84fa94-04c1-424b-9868-57a2d4851a1d" relativeResultsDirectory="65126d20-3821-4366-bd83-10ab363d5ef5">
    </UnitTestResult>
    <UnitTestResult executionId="0f67630b-4aab-4072-acfa-0ab36c4bd9c8" testId="a0c86c74-35c5-9cb2-dff7-b9184a972905" testName="ResetAllHasWon_ShouldReturn_NonNull_Boolean" computerName="LT0187" duration="00:00:00.0015768" startTime="2011-02-26T14:28:04.0287595-06:00" endTime="2011-02-26T14:28:04.0307596-06:00" testType="13cdc9d9-ddb5-4fa4-a97d-d965ccfc6d4b" outcome="Passed" testListId="8c84fa94-04c1-424b-9868-57a2d4851a1d" relativeResultsDirectory="0f67630b-4aab-4072-acfa-0ab36c4bd9c8">
    </UnitTestResult>
    <UnitTestResult executionId="30801922-1443-4fcf-8f9c-22dce7360d72" testId="8cfe3618-d1c9-5605-260c-93959d60f7e8" testName="SetHasWon_ShouldReturn_NonNull_Boolean" computerName="LT0187" duration="00:00:00.0016724" startTime="2011-02-26T14:28:04.0317597-06:00" endTime="2011-02-26T14:28:04.0347598-06:00" testType="13cdc9d9-ddb5-4fa4-a97d-d965ccfc6d4b" outcome="Passed" testListId="8c84fa94-04c1-424b-9868-57a2d4851a1d" relativeResultsDirectory="30801922-1443-4fcf-8f9c-22dce7360d72">
    </UnitTestResult>
    <UnitTestResult executionId="fdf37bd4-0673-483a-8c6f-a3966b616b09" testId="0ce77791-e7f4-a192-2ec6-68059c39e4e4" testName="GetAll_ShouldReturn_NonNull_ListOf_SponsorDTO" computerName="LT0187" duration="00:00:00.0030279" startTime="2011-02-26T14:28:04.0367600-06:00" endTime="2011-02-26T14:28:04.0397601-06:00" testType="13cdc9d9-ddb5-4fa4-a97d-d965ccfc6d4b" outcome="Passed" testListId="8c84fa94-04c1-424b-9868-57a2d4851a1d" relativeResultsDirectory="fdf37bd4-0673-483a-8c6f-a3966b616b09">
    </UnitTestResult>
    <UnitTestResult executionId="32d8b700-e4aa-4b45-aac8-f35c9ac7d70b" testId="36f2e44b-0d78-adb7-2d1b-1d7dfb80108d" testName="GetAllThatProvidedSwag_ShouldReturn_NonNull_ListOf_SponsorDTO" computerName="LT0187" duration="00:00:00.0010764" startTime="2011-02-26T14:28:04.0417603-06:00" endTime="2011-02-26T14:28:04.0437604-06:00" testType="13cdc9d9-ddb5-4fa4-a97d-d965ccfc6d4b" outcome="Passed" testListId="8c84fa94-04c1-424b-9868-57a2d4851a1d" relativeResultsDirectory="32d8b700-e4aa-4b45-aac8-f35c9ac7d70b">
    </UnitTestResult>
    <UnitTestResult executionId="053866bb-0b8f-408e-8339-3af4df1e4163" testId="bdbb7e7a-49c2-8ebf-cf30-7cb7c1fc8e86" testName="GetAll_ShouldReturn_NonNull_ListOf_SswagDTO" computerName="LT0187" duration="00:00:00.0031947" startTime="2011-02-26T14:28:04.0457605-06:00" endTime="2011-02-26T14:28:04.0497607-06:00" testType="13cdc9d9-ddb5-4fa4-a97d-d965ccfc6d4b" outcome="Passed" testListId="8c84fa94-04c1-424b-9868-57a2d4851a1d" relativeResultsDirectory="053866bb-0b8f-408e-8339-3af4df1e4163">
    </UnitTestResult>
    <UnitTestResult executionId="ad82ff10-058b-48f2-a83e-a4cd93f5ac17" testId="be02a3ed-01de-d570-c571-8e162d809e56" testName="GetAllBySponsor_ShouldReturn_NonNull_ListOf_SwagDTO" computerName="LT0187" duration="00:00:00.0011117" startTime="2011-02-26T14:28:04.0517608-06:00" endTime="2011-02-26T14:28:04.0537609-06:00" testType="13cdc9d9-ddb5-4fa4-a97d-d965ccfc6d4b" outcome="Passed" testListId="8c84fa94-04c1-424b-9868-57a2d4851a1d" relativeResultsDirectory="ad82ff10-058b-48f2-a83e-a4cd93f5ac17">
    </UnitTestResult>
    <UnitTestResult executionId="3f374875-ad71-4a56-860d-a8060d980c54" testId="02d7c1f7-87a8-6da4-0719-5ac873ae77d1" testName="DeleteAll_ShouldReturn_NonNull_Boolean" computerName="LT0187" duration="00:00:00.4234573" startTime="2011-02-26T14:28:04.0557611-06:00" endTime="2011-02-26T14:28:04.4807854-06:00" testType="13cdc9d9-ddb5-4fa4-a97d-d965ccfc6d4b" outcome="Passed" testListId="8c84fa94-04c1-424b-9868-57a2d4851a1d" relativeResultsDirectory="3f374875-ad71-4a56-860d-a8060d980c54">
    </UnitTestResult>
    <UnitTestResult executionId="be757f84-008a-47f7-9032-5107f38229c6" testId="688be246-a05d-cb54-1a5d-785f82e70217" testName="Insert_ShouldReturn_NonNull_Boolean" computerName="LT0187" duration="00:00:00.5122079" startTime="2011-02-26T14:28:04.4827855-06:00" endTime="2011-02-26T14:28:04.9948148-06:00" testType="13cdc9d9-ddb5-4fa4-a97d-d965ccfc6d4b" outcome="Passed" testListId="8c84fa94-04c1-424b-9868-57a2d4851a1d" relativeResultsDirectory="be757f84-008a-47f7-9032-5107f38229c6">
    </UnitTestResult>
  </Results>
</TestRun>