<?xml version="1.0" encoding="UTF-8"?>
<TestRun id="62032ea5-9570-4356-b244-f071602ac4bd" name="kburnell@LT0187 2011-02-26 12:02:44" runUser="SKYLINE\kburnell" xmlns="http://microsoft.com/schemas/VisualStudio/TeamTest/2010">
  <TestSettings name="Default Test Settings" id="f2e45e19-3bb6-4172-af09-61227deceecb">
    <Execution>
      <TestTypeSpecific />
      <AgentRule name="Execution Agents">
      </AgentRule>
    </Execution>
    <Deployment runDeploymentRoot="kburnell_LT0187 2011-02-26 12_02_44" />
  </TestSettings>
  <Times creation="2011-02-26T12:02:44.5580343-06:00" queuing="2011-02-26T12:02:44.9820586-06:00" start="2011-02-26T12:02:45.2060714-06:00" finish="2011-02-26T12:02:46.7651605-06:00" />
  <ResultSummary outcome="Completed">
    <Counters total="11" executed="11" passed="11" error="0" failed="0" timeout="0" aborted="0" inconclusive="0" passedButRunAborted="0" notRunnable="0" notExecuted="0" disconnected="0" warning="0" completed="0" inProgress="0" pending="0" />
  </ResultSummary>
  <TestDefinitions>
    <UnitTest name="DeleteAll_ShouldReturn_NonNull_Boolean" storage="d:\dev\pickawinnertdd\pickawinnertdd.domain.tests.integration\bin\debug\pickawinnertdd.domain.tests.integration.dll" id="49f66c34-c3e2-adfb-0a16-331ad63b568a">
      <Execution timeOut="1800000" id="9bf85593-b537-424b-b7d1-5197b596f688" />
      <TestMethod codeBase="D:/Dev/PickAWinnerTDD/PickAWinnerTDD.Domain.Tests.Integration/bin/Debug/PickAWinnerTDD.Domain.Tests.Integration.DLL" adapterTypeName="Microsoft.VisualStudio.TestTools.TestTypes.Unit.UnitTestAdapter, Microsoft.VisualStudio.QualityTools.Tips.UnitTest.Adapter, Version=10.0.0.0, Culture=neutral, PublicKeyToken=b03f5f7f11d50a3a" className="PickAWinnerTDD.Domain.Tests.Integration.AttendeeTests, PickAWinnerTDD.Domain.Tests.Integration, Version=1.0.0.0, Culture=neutral, PublicKeyToken=null" name="DeleteAll_ShouldReturn_NonNull_Boolean" />
    </UnitTest>
    <UnitTest name="SetHasWon_ShouldReturn_NonNull_Boolean" storage="d:\dev\pickawinnertdd\pickawinnertdd.domain.tests.integration\bin\debug\pickawinnertdd.domain.tests.integration.dll" id="8cfe3618-d1c9-5605-260c-93959d60f7e8">
      <Execution timeOut="1800000" id="a5f405af-13f6-4865-9617-1bb18e7888c2" />
      <TestMethod codeBase="D:/Dev/PickAWinnerTDD/PickAWinnerTDD.Domain.Tests.Integration/bin/Debug/PickAWinnerTDD.Domain.Tests.Integration.DLL" adapterTypeName="Microsoft.VisualStudio.TestTools.TestTypes.Unit.UnitTestAdapter, Microsoft.VisualStudio.QualityTools.Tips.UnitTest.Adapter, Version=10.0.0.0, Culture=neutral, PublicKeyToken=b03f5f7f11d50a3a" className="PickAWinnerTDD.Domain.Tests.Integration.AttendeeTests, PickAWinnerTDD.Domain.Tests.Integration, Version=1.0.0.0, Culture=neutral, PublicKeyToken=null" name="SetHasWon_ShouldReturn_NonNull_Boolean" />
    </UnitTest>
    <UnitTest name="DeleteAll_ShouldReturn_NonNull_Boolean" storage="d:\dev\pickawinnertdd\pickawinnertdd.domain.tests.integration\bin\debug\pickawinnertdd.domain.tests.integration.dll" id="02d7c1f7-87a8-6da4-0719-5ac873ae77d1">
      <Execution timeOut="1800000" id="6b147c9a-cfeb-4078-ba67-4b75a7d7e309" />
      <TestMethod codeBase="D:/Dev/PickAWinnerTDD/PickAWinnerTDD.Domain.Tests.Integration/bin/Debug/PickAWinnerTDD.Domain.Tests.Integration.DLL" adapterTypeName="Microsoft.VisualStudio.TestTools.TestTypes.Unit.UnitTestAdapter, Microsoft.VisualStudio.QualityTools.Tips.UnitTest.Adapter, Version=10.0.0.0, Culture=neutral, PublicKeyToken=b03f5f7f11d50a3a" className="PickAWinnerTDD.Domain.Tests.Integration.WinnerTests, PickAWinnerTDD.Domain.Tests.Integration, Version=1.0.0.0, Culture=neutral, PublicKeyToken=null" name="DeleteAll_ShouldReturn_NonNull_Boolean" />
    </UnitTest>
    <UnitTest name="GetAllBySponsor_ShouldReturn_NonNull_ListOf_SwagDTO" storage="d:\dev\pickawinnertdd\pickawinnertdd.domain.tests.integration\bin\debug\pickawinnertdd.domain.tests.integration.dll" id="be02a3ed-01de-d570-c571-8e162d809e56">
      <Execution timeOut="1800000" id="1af81a71-5fe8-469d-8cfc-18993e0fe582" />
      <TestMethod codeBase="D:/Dev/PickAWinnerTDD/PickAWinnerTDD.Domain.Tests.Integration/bin/Debug/PickAWinnerTDD.Domain.Tests.Integration.DLL" adapterTypeName="Microsoft.VisualStudio.TestTools.TestTypes.Unit.UnitTestAdapter, Microsoft.VisualStudio.QualityTools.Tips.UnitTest.Adapter, Version=10.0.0.0, Culture=neutral, PublicKeyToken=b03f5f7f11d50a3a" className="PickAWinnerTDD.Domain.Tests.Integration.SwagTests, PickAWinnerTDD.Domain.Tests.Integration, Version=1.0.0.0, Culture=neutral, PublicKeyToken=null" name="GetAllBySponsor_ShouldReturn_NonNull_ListOf_SwagDTO" />
    </UnitTest>
    <UnitTest name="GetAll_ShouldReturn_NonNull_ListOf_SswagDTO" storage="d:\dev\pickawinnertdd\pickawinnertdd.domain.tests.integration\bin\debug\pickawinnertdd.domain.tests.integration.dll" id="bdbb7e7a-49c2-8ebf-cf30-7cb7c1fc8e86">
      <Execution timeOut="1800000" id="b747a288-b31f-4c0c-a0c7-9c83474a3acd" />
      <TestMethod codeBase="D:/Dev/PickAWinnerTDD/PickAWinnerTDD.Domain.Tests.Integration/bin/Debug/PickAWinnerTDD.Domain.Tests.Integration.DLL" adapterTypeName="Microsoft.VisualStudio.TestTools.TestTypes.Unit.UnitTestAdapter, Microsoft.VisualStudio.QualityTools.Tips.UnitTest.Adapter, Version=10.0.0.0, Culture=neutral, PublicKeyToken=b03f5f7f11d50a3a" className="PickAWinnerTDD.Domain.Tests.Integration.SwagTests, PickAWinnerTDD.Domain.Tests.Integration, Version=1.0.0.0, Culture=neutral, PublicKeyToken=null" name="GetAll_ShouldReturn_NonNull_ListOf_SswagDTO" />
    </UnitTest>
    <UnitTest name="GetAll_ShouldReturn_NonNull_ListOf_SponsorDTO" storage="d:\dev\pickawinnertdd\pickawinnertdd.domain.tests.integration\bin\debug\pickawinnertdd.domain.tests.integration.dll" id="0ce77791-e7f4-a192-2ec6-68059c39e4e4">
      <Execution timeOut="1800000" id="04fb334d-382b-4eb6-8e27-b88c5c205527" />
      <TestMethod codeBase="D:/Dev/PickAWinnerTDD/PickAWinnerTDD.Domain.Tests.Integration/bin/Debug/PickAWinnerTDD.Domain.Tests.Integration.DLL" adapterTypeName="Microsoft.VisualStudio.TestTools.TestTypes.Unit.UnitTestAdapter, Microsoft.VisualStudio.QualityTools.Tips.UnitTest.Adapter, Version=10.0.0.0, Culture=neutral, PublicKeyToken=b03f5f7f11d50a3a" className="PickAWinnerTDD.Domain.Tests.Integration.SponsorTests, PickAWinnerTDD.Domain.Tests.Integration, Version=1.0.0.0, Culture=neutral, PublicKeyToken=null" name="GetAll_ShouldReturn_NonNull_ListOf_SponsorDTO" />
    </UnitTest>
    <UnitTest name="ResetAllHasWon_ShouldReturn_NonNull_Boolean" storage="d:\dev\pickawinnertdd\pickawinnertdd.domain.tests.integration\bin\debug\pickawinnertdd.domain.tests.integration.dll" id="a0c86c74-35c5-9cb2-dff7-b9184a972905">
      <Execution timeOut="1800000" id="a10f564f-6a00-42af-836f-5a0996e51d36" />
      <TestMethod codeBase="D:/Dev/PickAWinnerTDD/PickAWinnerTDD.Domain.Tests.Integration/bin/Debug/PickAWinnerTDD.Domain.Tests.Integration.DLL" adapterTypeName="Microsoft.VisualStudio.TestTools.TestTypes.Unit.UnitTestAdapter, Microsoft.VisualStudio.QualityTools.Tips.UnitTest.Adapter, Version=10.0.0.0, Culture=neutral, PublicKeyToken=b03f5f7f11d50a3a" className="PickAWinnerTDD.Domain.Tests.Integration.AttendeeTests, PickAWinnerTDD.Domain.Tests.Integration, Version=1.0.0.0, Culture=neutral, PublicKeyToken=null" name="ResetAllHasWon_ShouldReturn_NonNull_Boolean" />
    </UnitTest>
    <UnitTest name="GetAllThatProvidedSwag_ShouldReturn_NonNull_ListOf_SponsorDTO" storage="d:\dev\pickawinnertdd\pickawinnertdd.domain.tests.integration\bin\debug\pickawinnertdd.domain.tests.integration.dll" id="36f2e44b-0d78-adb7-2d1b-1d7dfb80108d">
      <Execution timeOut="1800000" id="f3890894-bc02-4f35-a71e-566f03ec8e93" />
      <TestMethod codeBase="D:/Dev/PickAWinnerTDD/PickAWinnerTDD.Domain.Tests.Integration/bin/Debug/PickAWinnerTDD.Domain.Tests.Integration.DLL" adapterTypeName="Microsoft.VisualStudio.TestTools.TestTypes.Unit.UnitTestAdapter, Microsoft.VisualStudio.QualityTools.Tips.UnitTest.Adapter, Version=10.0.0.0, Culture=neutral, PublicKeyToken=b03f5f7f11d50a3a" className="PickAWinnerTDD.Domain.Tests.Integration.SponsorTests, PickAWinnerTDD.Domain.Tests.Integration, Version=1.0.0.0, Culture=neutral, PublicKeyToken=null" name="GetAllThatProvidedSwag_ShouldReturn_NonNull_ListOf_SponsorDTO" />
    </UnitTest>
    <UnitTest name="GetAll_ShouldReturn_NonNull_ListOf_AttendeeDTO" storage="d:\dev\pickawinnertdd\pickawinnertdd.domain.tests.integration\bin\debug\pickawinnertdd.domain.tests.integration.dll" id="cab632d7-d58f-7638-a939-af41e953c124">
      <Execution timeOut="1800000" id="8584b6d3-6d74-4e08-85b6-36d72bd9c3fe" />
      <TestMethod codeBase="D:/Dev/PickAWinnerTDD/PickAWinnerTDD.Domain.Tests.Integration/bin/Debug/PickAWinnerTDD.Domain.Tests.Integration.DLL" adapterTypeName="Microsoft.VisualStudio.TestTools.TestTypes.Unit.UnitTestAdapter, Microsoft.VisualStudio.QualityTools.Tips.UnitTest.Adapter, Version=10.0.0.0, Culture=neutral, PublicKeyToken=b03f5f7f11d50a3a" className="PickAWinnerTDD.Domain.Tests.Integration.AttendeeTests, PickAWinnerTDD.Domain.Tests.Integration, Version=1.0.0.0, Culture=neutral, PublicKeyToken=null" name="GetAll_ShouldReturn_NonNull_ListOf_AttendeeDTO" />
    </UnitTest>
    <UnitTest name="Insert_ShouldReturn_NonNull_Boolean" storage="d:\dev\pickawinnertdd\pickawinnertdd.domain.tests.integration\bin\debug\pickawinnertdd.domain.tests.integration.dll" id="688be246-a05d-cb54-1a5d-785f82e70217">
      <Execution timeOut="1800000" id="ad9acb22-0e48-4aa5-a211-0893c3fd9be8" />
      <TestMethod codeBase="D:/Dev/PickAWinnerTDD/PickAWinnerTDD.Domain.Tests.Integration/bin/Debug/PickAWinnerTDD.Domain.Tests.Integration.DLL" adapterTypeName="Microsoft.VisualStudio.TestTools.TestTypes.Unit.UnitTestAdapter, Microsoft.VisualStudio.QualityTools.Tips.UnitTest.Adapter, Version=10.0.0.0, Culture=neutral, PublicKeyToken=b03f5f7f11d50a3a" className="PickAWinnerTDD.Domain.Tests.Integration.WinnerTests, PickAWinnerTDD.Domain.Tests.Integration, Version=1.0.0.0, Culture=neutral, PublicKeyToken=null" name="Insert_ShouldReturn_NonNull_Boolean" />
    </UnitTest>
    <UnitTest name="GetAllEligible_ShouldReturn_NonNull_ListOf_AttendeeDTO" storage="d:\dev\pickawinnertdd\pickawinnertdd.domain.tests.integration\bin\debug\pickawinnertdd.domain.tests.integration.dll" id="c444237f-2bed-273b-e9a8-9bcb726c63aa">
      <Execution timeOut="1800000" id="b8571558-81ee-4cd4-b0dc-d27736c109c6" />
      <TestMethod codeBase="D:/Dev/PickAWinnerTDD/PickAWinnerTDD.Domain.Tests.Integration/bin/Debug/PickAWinnerTDD.Domain.Tests.Integration.DLL" adapterTypeName="Microsoft.VisualStudio.TestTools.TestTypes.Unit.UnitTestAdapter, Microsoft.VisualStudio.QualityTools.Tips.UnitTest.Adapter, Version=10.0.0.0, Culture=neutral, PublicKeyToken=b03f5f7f11d50a3a" className="PickAWinnerTDD.Domain.Tests.Integration.AttendeeTests, PickAWinnerTDD.Domain.Tests.Integration, Version=1.0.0.0, Culture=neutral, PublicKeyToken=null" name="GetAllEligible_ShouldReturn_NonNull_ListOf_AttendeeDTO" />
    </UnitTest>
  </TestDefinitions>
  <TestLists>
    <TestList name="Results Not in a List" id="8c84fa94-04c1-424b-9868-57a2d4851a1d" />
    <TestList name="All Loaded Results" id="19431567-8539-422a-85d7-44ee4e166bda" />
  </TestLists>
  <TestEntries>
    <TestEntry testId="49f66c34-c3e2-adfb-0a16-331ad63b568a" executionId="9bf85593-b537-424b-b7d1-5197b596f688" testListId="8c84fa94-04c1-424b-9868-57a2d4851a1d" />
    <TestEntry testId="cab632d7-d58f-7638-a939-af41e953c124" executionId="8584b6d3-6d74-4e08-85b6-36d72bd9c3fe" testListId="8c84fa94-04c1-424b-9868-57a2d4851a1d" />
    <TestEntry testId="c444237f-2bed-273b-e9a8-9bcb726c63aa" executionId="b8571558-81ee-4cd4-b0dc-d27736c109c6" testListId="8c84fa94-04c1-424b-9868-57a2d4851a1d" />
    <TestEntry testId="a0c86c74-35c5-9cb2-dff7-b9184a972905" executionId="a10f564f-6a00-42af-836f-5a0996e51d36" testListId="8c84fa94-04c1-424b-9868-57a2d4851a1d" />
    <TestEntry testId="8cfe3618-d1c9-5605-260c-93959d60f7e8" executionId="a5f405af-13f6-4865-9617-1bb18e7888c2" testListId="8c84fa94-04c1-424b-9868-57a2d4851a1d" />
    <TestEntry testId="0ce77791-e7f4-a192-2ec6-68059c39e4e4" executionId="04fb334d-382b-4eb6-8e27-b88c5c205527" testListId="8c84fa94-04c1-424b-9868-57a2d4851a1d" />
    <TestEntry testId="36f2e44b-0d78-adb7-2d1b-1d7dfb80108d" executionId="f3890894-bc02-4f35-a71e-566f03ec8e93" testListId="8c84fa94-04c1-424b-9868-57a2d4851a1d" />
    <TestEntry testId="bdbb7e7a-49c2-8ebf-cf30-7cb7c1fc8e86" executionId="b747a288-b31f-4c0c-a0c7-9c83474a3acd" testListId="8c84fa94-04c1-424b-9868-57a2d4851a1d" />
    <TestEntry testId="be02a3ed-01de-d570-c571-8e162d809e56" executionId="1af81a71-5fe8-469d-8cfc-18993e0fe582" testListId="8c84fa94-04c1-424b-9868-57a2d4851a1d" />
    <TestEntry testId="02d7c1f7-87a8-6da4-0719-5ac873ae77d1" executionId="6b147c9a-cfeb-4078-ba67-4b75a7d7e309" testListId="8c84fa94-04c1-424b-9868-57a2d4851a1d" />
    <TestEntry testId="688be246-a05d-cb54-1a5d-785f82e70217" executionId="ad9acb22-0e48-4aa5-a211-0893c3fd9be8" testListId="8c84fa94-04c1-424b-9868-57a2d4851a1d" />
  </TestEntries>
  <Results>
    <UnitTestResult executionId="9bf85593-b537-424b-b7d1-5197b596f688" testId="49f66c34-c3e2-adfb-0a16-331ad63b568a" testName="DeleteAll_ShouldReturn_NonNull_Boolean" computerName="LT0187" duration="00:00:00.7141366" startTime="2011-02-26T12:02:45.2590744-06:00" endTime="2011-02-26T12:02:46.0441193-06:00" testType="13cdc9d9-ddb5-4fa4-a97d-d965ccfc6d4b" outcome="Passed" testListId="8c84fa94-04c1-424b-9868-57a2d4851a1d" relativeResultsDirectory="9bf85593-b537-424b-b7d1-5197b596f688">
    </UnitTestResult>
    <UnitTestResult executionId="8584b6d3-6d74-4e08-85b6-36d72bd9c3fe" testId="cab632d7-d58f-7638-a939-af41e953c124" testName="GetAll_ShouldReturn_NonNull_ListOf_AttendeeDTO" computerName="LT0187" duration="00:00:00.3018633" startTime="2011-02-26T12:02:46.0471195-06:00" endTime="2011-02-26T12:02:46.3491368-06:00" testType="13cdc9d9-ddb5-4fa4-a97d-d965ccfc6d4b" outcome="Passed" testListId="8c84fa94-04c1-424b-9868-57a2d4851a1d" relativeResultsDirectory="8584b6d3-6d74-4e08-85b6-36d72bd9c3fe">
    </UnitTestResult>
    <UnitTestResult executionId="b8571558-81ee-4cd4-b0dc-d27736c109c6" testId="c444237f-2bed-273b-e9a8-9bcb726c63aa" testName="GetAllEligible_ShouldReturn_NonNull_ListOf_AttendeeDTO" computerName="LT0187" duration="00:00:00.0224458" startTime="2011-02-26T12:02:46.3511369-06:00" endTime="2011-02-26T12:02:46.3741382-06:00" testType="13cdc9d9-ddb5-4fa4-a97d-d965ccfc6d4b" outcome="Passed" testListId="8c84fa94-04c1-424b-9868-57a2d4851a1d" relativeResultsDirectory="b8571558-81ee-4cd4-b0dc-d27736c109c6">
    </UnitTestResult>
    <UnitTestResult executionId="a10f564f-6a00-42af-836f-5a0996e51d36" testId="a0c86c74-35c5-9cb2-dff7-b9184a972905" testName="ResetAllHasWon_ShouldReturn_NonNull_Boolean" computerName="LT0187" duration="00:00:00.0028001" startTime="2011-02-26T12:02:46.3761383-06:00" endTime="2011-02-26T12:02:46.3801385-06:00" testType="13cdc9d9-ddb5-4fa4-a97d-d965ccfc6d4b" outcome="Passed" testListId="8c84fa94-04c1-424b-9868-57a2d4851a1d" relativeResultsDirectory="a10f564f-6a00-42af-836f-5a0996e51d36">
    </UnitTestResult>
    <UnitTestResult executionId="a5f405af-13f6-4865-9617-1bb18e7888c2" testId="8cfe3618-d1c9-5605-260c-93959d60f7e8" testName="SetHasWon_ShouldReturn_NonNull_Boolean" computerName="LT0187" duration="00:00:00.1185314" startTime="2011-02-26T12:02:46.3821386-06:00" endTime="2011-02-26T12:02:46.5011454-06:00" testType="13cdc9d9-ddb5-4fa4-a97d-d965ccfc6d4b" outcome="Passed" testListId="8c84fa94-04c1-424b-9868-57a2d4851a1d" relativeResultsDirectory="a5f405af-13f6-4865-9617-1bb18e7888c2">
    </UnitTestResult>
    <UnitTestResult executionId="04fb334d-382b-4eb6-8e27-b88c5c205527" testId="0ce77791-e7f4-a192-2ec6-68059c39e4e4" testName="GetAll_ShouldReturn_NonNull_ListOf_SponsorDTO" computerName="LT0187" duration="00:00:00.0128623" startTime="2011-02-26T12:02:46.5031456-06:00" endTime="2011-02-26T12:02:46.5171464-06:00" testType="13cdc9d9-ddb5-4fa4-a97d-d965ccfc6d4b" outcome="Passed" testListId="8c84fa94-04c1-424b-9868-57a2d4851a1d" relativeResultsDirectory="04fb334d-382b-4eb6-8e27-b88c5c205527">
    </UnitTestResult>
    <UnitTestResult executionId="f3890894-bc02-4f35-a71e-566f03ec8e93" testId="36f2e44b-0d78-adb7-2d1b-1d7dfb80108d" testName="GetAllThatProvidedSwag_ShouldReturn_NonNull_ListOf_SponsorDTO" computerName="LT0187" duration="00:00:00.0078777" startTime="2011-02-26T12:02:46.5191465-06:00" endTime="2011-02-26T12:02:46.5271469-06:00" testType="13cdc9d9-ddb5-4fa4-a97d-d965ccfc6d4b" outcome="Passed" testListId="8c84fa94-04c1-424b-9868-57a2d4851a1d" relativeResultsDirectory="f3890894-bc02-4f35-a71e-566f03ec8e93">
    </UnitTestResult>
    <UnitTestResult executionId="b747a288-b31f-4c0c-a0c7-9c83474a3acd" testId="bdbb7e7a-49c2-8ebf-cf30-7cb7c1fc8e86" testName="GetAll_ShouldReturn_NonNull_ListOf_SswagDTO" computerName="LT0187" duration="00:00:00.0211134" startTime="2011-02-26T12:02:46.5291470-06:00" endTime="2011-02-26T12:02:46.5511483-06:00" testType="13cdc9d9-ddb5-4fa4-a97d-d965ccfc6d4b" outcome="Passed" testListId="8c84fa94-04c1-424b-9868-57a2d4851a1d" relativeResultsDirectory="b747a288-b31f-4c0c-a0c7-9c83474a3acd">
    </UnitTestResult>
    <UnitTestResult executionId="1af81a71-5fe8-469d-8cfc-18993e0fe582" testId="be02a3ed-01de-d570-c571-8e162d809e56" testName="GetAllBySponsor_ShouldReturn_NonNull_ListOf_SwagDTO" computerName="LT0187" duration="00:00:00.0090947" startTime="2011-02-26T12:02:46.5531484-06:00" endTime="2011-02-26T12:02:46.5631490-06:00" testType="13cdc9d9-ddb5-4fa4-a97d-d965ccfc6d4b" outcome="Passed" testListId="8c84fa94-04c1-424b-9868-57a2d4851a1d" relativeResultsDirectory="1af81a71-5fe8-469d-8cfc-18993e0fe582">
    </UnitTestResult>
    <UnitTestResult executionId="6b147c9a-cfeb-4078-ba67-4b75a7d7e309" testId="02d7c1f7-87a8-6da4-0719-5ac873ae77d1" testName="DeleteAll_ShouldReturn_NonNull_Boolean" computerName="LT0187" duration="00:00:00.0048735" startTime="2011-02-26T12:02:46.5661492-06:00" endTime="2011-02-26T12:02:46.5721495-06:00" testType="13cdc9d9-ddb5-4fa4-a97d-d965ccfc6d4b" outcome="Passed" testListId="8c84fa94-04c1-424b-9868-57a2d4851a1d" relativeResultsDirectory="6b147c9a-cfeb-4078-ba67-4b75a7d7e309">
    </UnitTestResult>
    <UnitTestResult executionId="ad9acb22-0e48-4aa5-a211-0893c3fd9be8" testId="688be246-a05d-cb54-1a5d-785f82e70217" testName="Insert_ShouldReturn_NonNull_Boolean" computerName="LT0187" duration="00:00:00.1252962" startTime="2011-02-26T12:02:46.5741496-06:00" endTime="2011-02-26T12:02:46.7001568-06:00" testType="13cdc9d9-ddb5-4fa4-a97d-d965ccfc6d4b" outcome="Passed" testListId="8c84fa94-04c1-424b-9868-57a2d4851a1d" relativeResultsDirectory="ad9acb22-0e48-4aa5-a211-0893c3fd9be8">
    </UnitTestResult>
  </Results>
</TestRun>